<?xml version="1.0" encoding="UTF-8"?>
<testsuite name="ru.stqa.learn.mantis.tests.ChangePasswordTests" tests="1" skipped="0" failures="0" errors="0" timestamp="2020-11-09T19:35:37" hostname="HP820G4-6" time="16.869">
  <properties/>
  <testcase name="TestChangePassword" classname="ru.stqa.learn.mantis.tests.ChangePasswordTests" time="16.869"/>
  <system-out><![CDATA[22:35:37.633 [Test worker] DEBUG org.subethamail.smtp.server.CommandHandler - Added command: AUTH
22:35:37.643 [Test worker] DEBUG org.subethamail.smtp.server.CommandHandler - Added command: DATA
22:35:37.643 [Test worker] DEBUG org.subethamail.smtp.server.CommandHandler - Added command: EHLO
22:35:37.643 [Test worker] DEBUG org.subethamail.smtp.server.CommandHandler - Added command: HELO
22:35:37.643 [Test worker] DEBUG org.subethamail.smtp.server.CommandHandler - Added command: HELP
22:35:37.643 [Test worker] DEBUG org.subethamail.smtp.server.CommandHandler - Added command: MAIL
22:35:37.643 [Test worker] DEBUG org.subethamail.smtp.server.CommandHandler - Added command: NOOP
22:35:37.643 [Test worker] DEBUG org.subethamail.smtp.server.CommandHandler - Added command: QUIT
22:35:37.643 [Test worker] DEBUG org.subethamail.smtp.server.CommandHandler - Added command: RCPT
22:35:37.643 [Test worker] DEBUG org.subethamail.smtp.server.CommandHandler - Added command: RSET
22:35:37.643 [Test worker] DEBUG org.subethamail.smtp.server.CommandHandler - Added command: STARTTLS
22:35:37.643 [Test worker] DEBUG org.subethamail.smtp.server.CommandHandler - Added command: VRFY
22:35:37.643 [Test worker] INFO org.subethamail.smtp.server.SMTPServer - SMTP server *:25 starting
22:35:37.653 [org.subethamail.smtp.server.ServerThread *:25] INFO org.subethamail.smtp.server.ServerThread - SMTP server *:25 started
22:35:37.723 [Test worker] DEBUG org.jboss.logging - Logging Provider: org.jboss.logging.Slf4jLoggerProvider
22:35:37.753 [Test worker] DEBUG org.hibernate.integrator.internal.IntegratorServiceImpl - Adding Integrator [org.hibernate.cfg.beanvalidation.BeanValidationIntegrator].
22:35:37.753 [Test worker] DEBUG org.hibernate.integrator.internal.IntegratorServiceImpl - Adding Integrator [org.hibernate.secure.spi.JaccIntegrator].
22:35:37.763 [Test worker] DEBUG org.hibernate.integrator.internal.IntegratorServiceImpl - Adding Integrator [org.hibernate.cache.internal.CollectionCacheInvalidator].
22:35:37.793 [Test worker] INFO org.hibernate.Version - HHH000412: Hibernate ORM core version 5.4.23.Final
22:35:37.793 [Test worker] DEBUG org.hibernate.cfg.Environment - HHH000206: hibernate.properties not found
22:35:38.027 [Test worker] DEBUG org.hibernate.boot.jaxb.internal.stax.LocalXmlResourceResolver - Interpreting public/system identifier : [-//Hibernate/Hibernate Configuration DTD 3.0//EN] - [http://www.hibernate.org/dtd/hibernate-configuration-3.0.dtd]
22:35:38.027 [Test worker] DEBUG org.hibernate.boot.jaxb.internal.stax.LocalXmlResourceResolver - Recognized hibernate-configuration identifier; attempting to resolve on classpath under org/hibernate/
22:35:38.035 [Test worker] DEBUG org.hibernate.boot.cfgxml.internal.JaxbCfgProcessor - cfg.xml document did not define namespaces; wrapping in custom event reader to introduce namespace information
22:35:38.382 [Test worker] DEBUG org.hibernate.service.spi.ServiceBinding - Overriding existing service binding [org.hibernate.secure.spi.JaccService]
22:35:38.409 [Test worker] DEBUG org.hibernate.cache.internal.RegionFactoryInitiator - Cannot default RegionFactory based on registered strategies as `[]` RegionFactory strategies were registered
22:35:38.411 [Test worker] DEBUG org.hibernate.cache.internal.RegionFactoryInitiator - Cache region factory : org.hibernate.cache.internal.NoCachingRegionFactory
22:35:38.443 [Test worker] INFO org.hibernate.annotations.common.Version - HCANN000001: Hibernate Commons Annotations {5.1.2.Final}
22:35:38.492 [Test worker] DEBUG org.hibernate.type.BasicTypeRegistry - Adding type registration boolean -> org.hibernate.type.BooleanType@1ff9bcf2
22:35:38.493 [Test worker] DEBUG org.hibernate.type.BasicTypeRegistry - Adding type registration boolean -> org.hibernate.type.BooleanType@1ff9bcf2
22:35:38.494 [Test worker] DEBUG org.hibernate.type.BasicTypeRegistry - Adding type registration java.lang.Boolean -> org.hibernate.type.BooleanType@1ff9bcf2
22:35:38.495 [Test worker] DEBUG org.hibernate.type.BasicTypeRegistry - Adding type registration numeric_boolean -> org.hibernate.type.NumericBooleanType@1c429d75
22:35:38.497 [Test worker] DEBUG org.hibernate.type.BasicTypeRegistry - Adding type registration true_false -> org.hibernate.type.TrueFalseType@1e9e6b9
22:35:38.499 [Test worker] DEBUG org.hibernate.type.BasicTypeRegistry - Adding type registration yes_no -> org.hibernate.type.YesNoType@201afcb9
22:35:38.501 [Test worker] DEBUG org.hibernate.type.BasicTypeRegistry - Adding type registration byte -> org.hibernate.type.ByteType@17be5417
22:35:38.502 [Test worker] DEBUG org.hibernate.type.BasicTypeRegistry - Adding type registration byte -> org.hibernate.type.ByteType@17be5417
22:35:38.503 [Test worker] DEBUG org.hibernate.type.BasicTypeRegistry - Adding type registration java.lang.Byte -> org.hibernate.type.ByteType@17be5417
22:35:38.505 [Test worker] DEBUG org.hibernate.type.BasicTypeRegistry - Adding type registration character -> org.hibernate.type.CharacterType@2e6db7db
22:35:38.506 [Test worker] DEBUG org.hibernate.type.BasicTypeRegistry - Adding type registration char -> org.hibernate.type.CharacterType@2e6db7db
22:35:38.506 [Test worker] DEBUG org.hibernate.type.BasicTypeRegistry - Adding type registration java.lang.Character -> org.hibernate.type.CharacterType@2e6db7db
22:35:38.509 [Test worker] DEBUG org.hibernate.type.BasicTypeRegistry - Adding type registration short -> org.hibernate.type.ShortType@6314f703
22:35:38.510 [Test worker] DEBUG org.hibernate.type.BasicTypeRegistry - Adding type registration short -> org.hibernate.type.ShortType@6314f703
22:35:38.510 [Test worker] DEBUG org.hibernate.type.BasicTypeRegistry - Adding type registration java.lang.Short -> org.hibernate.type.ShortType@6314f703
22:35:38.513 [Test worker] DEBUG org.hibernate.type.BasicTypeRegistry - Adding type registration integer -> org.hibernate.type.IntegerType@e8af36e
22:35:38.513 [Test worker] DEBUG org.hibernate.type.BasicTypeRegistry - Adding type registration int -> org.hibernate.type.IntegerType@e8af36e
22:35:38.514 [Test worker] DEBUG org.hibernate.type.BasicTypeRegistry - Adding type registration java.lang.Integer -> org.hibernate.type.IntegerType@e8af36e
22:35:38.516 [Test worker] DEBUG org.hibernate.type.BasicTypeRegistry - Adding type registration long -> org.hibernate.type.LongType@2c5ee27f
22:35:38.516 [Test worker] DEBUG org.hibernate.type.BasicTypeRegistry - Adding type registration long -> org.hibernate.type.LongType@2c5ee27f
22:35:38.516 [Test worker] DEBUG org.hibernate.type.BasicTypeRegistry - Adding type registration java.lang.Long -> org.hibernate.type.LongType@2c5ee27f
22:35:38.519 [Test worker] DEBUG org.hibernate.type.BasicTypeRegistry - Adding type registration float -> org.hibernate.type.FloatType@5010608d
22:35:38.520 [Test worker] DEBUG org.hibernate.type.BasicTypeRegistry - Adding type registration float -> org.hibernate.type.FloatType@5010608d
22:35:38.520 [Test worker] DEBUG org.hibernate.type.BasicTypeRegistry - Adding type registration java.lang.Float -> org.hibernate.type.FloatType@5010608d
22:35:38.522 [Test worker] DEBUG org.hibernate.type.BasicTypeRegistry - Adding type registration double -> org.hibernate.type.DoubleType@5d9a01a5
22:35:38.522 [Test worker] DEBUG org.hibernate.type.BasicTypeRegistry - Adding type registration double -> org.hibernate.type.DoubleType@5d9a01a5
22:35:38.522 [Test worker] DEBUG org.hibernate.type.BasicTypeRegistry - Adding type registration java.lang.Double -> org.hibernate.type.DoubleType@5d9a01a5
22:35:38.525 [Test worker] DEBUG org.hibernate.type.BasicTypeRegistry - Adding type registration big_decimal -> org.hibernate.type.BigDecimalType@203fa9ef
22:35:38.525 [Test worker] DEBUG org.hibernate.type.BasicTypeRegistry - Adding type registration java.math.BigDecimal -> org.hibernate.type.BigDecimalType@203fa9ef
22:35:38.527 [Test worker] DEBUG org.hibernate.type.BasicTypeRegistry - Adding type registration big_integer -> org.hibernate.type.BigIntegerType@46446920
22:35:38.527 [Test worker] DEBUG org.hibernate.type.BasicTypeRegistry - Adding type registration java.math.BigInteger -> org.hibernate.type.BigIntegerType@46446920
22:35:38.529 [Test worker] DEBUG org.hibernate.type.BasicTypeRegistry - Adding type registration string -> org.hibernate.type.StringType@1eee43d5
22:35:38.530 [Test worker] DEBUG org.hibernate.type.BasicTypeRegistry - Adding type registration java.lang.String -> org.hibernate.type.StringType@1eee43d5
22:35:38.531 [Test worker] DEBUG org.hibernate.type.BasicTypeRegistry - Adding type registration nstring -> org.hibernate.type.StringNVarcharType@2da2b708
22:35:38.533 [Test worker] DEBUG org.hibernate.type.BasicTypeRegistry - Adding type registration ncharacter -> org.hibernate.type.CharacterNCharType@266101db
22:35:38.536 [Test worker] DEBUG org.hibernate.type.BasicTypeRegistry - Adding type registration url -> org.hibernate.type.UrlType@71d1bb92
22:35:38.537 [Test worker] DEBUG org.hibernate.type.BasicTypeRegistry - Adding type registration java.net.URL -> org.hibernate.type.UrlType@71d1bb92
22:35:38.542 [Test worker] DEBUG org.hibernate.type.BasicTypeRegistry - Adding type registration Duration -> org.hibernate.type.DurationType@6577f832
22:35:38.542 [Test worker] DEBUG org.hibernate.type.BasicTypeRegistry - Adding type registration java.time.Duration -> org.hibernate.type.DurationType@6577f832
22:35:38.595 [Test worker] DEBUG org.hibernate.type.BasicTypeRegistry - Adding type registration Instant -> org.hibernate.type.InstantType@70eb8060
22:35:38.595 [Test worker] DEBUG org.hibernate.type.BasicTypeRegistry - Adding type registration java.time.Instant -> org.hibernate.type.InstantType@70eb8060
22:35:38.598 [Test worker] DEBUG org.hibernate.type.BasicTypeRegistry - Adding type registration LocalDateTime -> org.hibernate.type.LocalDateTimeType@23597363
22:35:38.598 [Test worker] DEBUG org.hibernate.type.BasicTypeRegistry - Adding type registration java.time.LocalDateTime -> org.hibernate.type.LocalDateTimeType@23597363
22:35:38.604 [Test worker] DEBUG org.hibernate.type.BasicTypeRegistry - Adding type registration LocalDate -> org.hibernate.type.LocalDateType@14875bbb
22:35:38.604 [Test worker] DEBUG org.hibernate.type.BasicTypeRegistry - Adding type registration java.time.LocalDate -> org.hibernate.type.LocalDateType@14875bbb
22:35:38.607 [Test worker] DEBUG org.hibernate.type.BasicTypeRegistry - Adding type registration LocalTime -> org.hibernate.type.LocalTimeType@6b8925f
22:35:38.607 [Test worker] DEBUG org.hibernate.type.BasicTypeRegistry - Adding type registration java.time.LocalTime -> org.hibernate.type.LocalTimeType@6b8925f
22:35:38.610 [Test worker] DEBUG org.hibernate.type.BasicTypeRegistry - Adding type registration OffsetDateTime -> org.hibernate.type.OffsetDateTimeType@46314250
22:35:38.610 [Test worker] DEBUG org.hibernate.type.BasicTypeRegistry - Adding type registration java.time.OffsetDateTime -> org.hibernate.type.OffsetDateTimeType@46314250
22:35:38.613 [Test worker] DEBUG org.hibernate.type.BasicTypeRegistry - Adding type registration OffsetTime -> org.hibernate.type.OffsetTimeType@1ff05208
22:35:38.613 [Test worker] DEBUG org.hibernate.type.BasicTypeRegistry - Adding type registration java.time.OffsetTime -> org.hibernate.type.OffsetTimeType@1ff05208
22:35:38.617 [Test worker] DEBUG org.hibernate.type.BasicTypeRegistry - Adding type registration ZonedDateTime -> org.hibernate.type.ZonedDateTimeType@5e6c0770
22:35:38.617 [Test worker] DEBUG org.hibernate.type.BasicTypeRegistry - Adding type registration java.time.ZonedDateTime -> org.hibernate.type.ZonedDateTimeType@5e6c0770
22:35:38.621 [Test worker] DEBUG org.hibernate.type.BasicTypeRegistry - Adding type registration date -> org.hibernate.type.DateType@18d50274
22:35:38.621 [Test worker] DEBUG org.hibernate.type.BasicTypeRegistry - Adding type registration java.sql.Date -> org.hibernate.type.DateType@18d50274
22:35:38.624 [Test worker] DEBUG org.hibernate.type.BasicTypeRegistry - Adding type registration time -> org.hibernate.type.TimeType@fe94a52
22:35:38.624 [Test worker] DEBUG org.hibernate.type.BasicTypeRegistry - Adding type registration java.sql.Time -> org.hibernate.type.TimeType@fe94a52
22:35:38.627 [Test worker] DEBUG org.hibernate.type.BasicTypeRegistry - Adding type registration timestamp -> org.hibernate.type.TimestampType@3c1162fd
22:35:38.627 [Test worker] DEBUG org.hibernate.type.BasicTypeRegistry - Adding type registration java.sql.Timestamp -> org.hibernate.type.TimestampType@3c1162fd
22:35:38.627 [Test worker] DEBUG org.hibernate.type.BasicTypeRegistry - Adding type registration java.util.Date -> org.hibernate.type.TimestampType@3c1162fd
22:35:38.631 [Test worker] DEBUG org.hibernate.type.BasicTypeRegistry - Adding type registration dbtimestamp -> org.hibernate.type.DbTimestampType@5cd72a3c
22:35:38.635 [Test worker] DEBUG org.hibernate.type.BasicTypeRegistry - Adding type registration calendar -> org.hibernate.type.CalendarType@2edae90e
22:35:38.636 [Test worker] DEBUG org.hibernate.type.BasicTypeRegistry - Adding type registration java.util.Calendar -> org.hibernate.type.CalendarType@2edae90e
22:35:38.637 [Test worker] DEBUG org.hibernate.type.BasicTypeRegistry - Adding type registration java.util.GregorianCalendar -> org.hibernate.type.CalendarType@2edae90e
22:35:38.643 [Test worker] DEBUG org.hibernate.type.BasicTypeRegistry - Adding type registration calendar_date -> org.hibernate.type.CalendarDateType@69ffa02c
22:35:38.648 [Test worker] DEBUG org.hibernate.type.BasicTypeRegistry - Adding type registration calendar_time -> org.hibernate.type.CalendarTimeType@42dc8706
22:35:38.657 [Test worker] DEBUG org.hibernate.type.BasicTypeRegistry - Adding type registration locale -> org.hibernate.type.LocaleType@72612979
22:35:38.658 [Test worker] DEBUG org.hibernate.type.BasicTypeRegistry - Adding type registration java.util.Locale -> org.hibernate.type.LocaleType@72612979
22:35:38.674 [Test worker] DEBUG org.hibernate.type.BasicTypeRegistry - Adding type registration currency -> org.hibernate.type.CurrencyType@fb2383f
22:35:38.680 [Test worker] DEBUG org.hibernate.type.BasicTypeRegistry - Adding type registration java.util.Currency -> org.hibernate.type.CurrencyType@fb2383f
22:35:38.684 [Test worker] DEBUG org.hibernate.type.BasicTypeRegistry - Adding type registration timezone -> org.hibernate.type.TimeZoneType@18e1a36d
22:35:38.686 [Test worker] DEBUG org.hibernate.type.BasicTypeRegistry - Adding type registration java.util.TimeZone -> org.hibernate.type.TimeZoneType@18e1a36d
22:35:38.690 [Test worker] DEBUG org.hibernate.type.BasicTypeRegistry - Adding type registration class -> org.hibernate.type.ClassType@2b85d27e
22:35:38.691 [Test worker] DEBUG org.hibernate.type.BasicTypeRegistry - Adding type registration java.lang.Class -> org.hibernate.type.ClassType@2b85d27e
22:35:38.694 [Test worker] DEBUG org.hibernate.type.BasicTypeRegistry - Adding type registration uuid-binary -> org.hibernate.type.UUIDBinaryType@29603a8b
22:35:38.695 [Test worker] DEBUG org.hibernate.type.BasicTypeRegistry - Adding type registration java.util.UUID -> org.hibernate.type.UUIDBinaryType@29603a8b
22:35:38.700 [Test worker] DEBUG org.hibernate.type.BasicTypeRegistry - Adding type registration uuid-char -> org.hibernate.type.UUIDCharType@772a753
22:35:38.706 [Test worker] DEBUG org.hibernate.type.BasicTypeRegistry - Adding type registration binary -> org.hibernate.type.BinaryType@2bead5c0
22:35:38.706 [Test worker] DEBUG org.hibernate.type.BasicTypeRegistry - Adding type registration byte[] -> org.hibernate.type.BinaryType@2bead5c0
22:35:38.707 [Test worker] DEBUG org.hibernate.type.BasicTypeRegistry - Adding type registration [B -> org.hibernate.type.BinaryType@2bead5c0
22:35:38.710 [Test worker] DEBUG org.hibernate.type.BasicTypeRegistry - Adding type registration wrapper-binary -> org.hibernate.type.WrapperBinaryType@421f86dc
22:35:38.713 [Test worker] DEBUG org.hibernate.type.BasicTypeRegistry - Adding type registration Byte[] -> org.hibernate.type.WrapperBinaryType@421f86dc
22:35:38.714 [Test worker] DEBUG org.hibernate.type.BasicTypeRegistry - Adding type registration [Ljava.lang.Byte; -> org.hibernate.type.WrapperBinaryType@421f86dc
22:35:38.726 [Test worker] DEBUG org.hibernate.type.BasicTypeRegistry - Adding type registration row_version -> org.hibernate.type.RowVersionType@76e7954d
22:35:38.729 [Test worker] DEBUG org.hibernate.type.BasicTypeRegistry - Adding type registration image -> org.hibernate.type.ImageType@4b45d0a9
22:35:38.741 [Test worker] DEBUG org.hibernate.type.BasicTypeRegistry - Adding type registration characters -> org.hibernate.type.CharArrayType@1749dcca
22:35:38.743 [Test worker] DEBUG org.hibernate.type.BasicTypeRegistry - Adding type registration char[] -> org.hibernate.type.CharArrayType@1749dcca
22:35:38.744 [Test worker] DEBUG org.hibernate.type.BasicTypeRegistry - Adding type registration [C -> org.hibernate.type.CharArrayType@1749dcca
22:35:38.749 [Test worker] DEBUG org.hibernate.type.BasicTypeRegistry - Adding type registration wrapper-characters -> org.hibernate.type.CharacterArrayType@70c10b9c
22:35:38.750 [Test worker] DEBUG org.hibernate.type.BasicTypeRegistry - Adding type registration [Ljava.lang.Character; -> org.hibernate.type.CharacterArrayType@70c10b9c
22:35:38.752 [Test worker] DEBUG org.hibernate.type.BasicTypeRegistry - Adding type registration Character[] -> org.hibernate.type.CharacterArrayType@70c10b9c
22:35:38.755 [Test worker] DEBUG org.hibernate.type.BasicTypeRegistry - Adding type registration text -> org.hibernate.type.TextType@3c8608a0
22:35:38.757 [Test worker] DEBUG org.hibernate.type.BasicTypeRegistry - Adding type registration ntext -> org.hibernate.type.NTextType@6ad01ae6
22:35:38.762 [Test worker] DEBUG org.hibernate.type.BasicTypeRegistry - Adding type registration blob -> org.hibernate.type.BlobType@897029
22:35:38.763 [Test worker] DEBUG org.hibernate.type.BasicTypeRegistry - Adding type registration java.sql.Blob -> org.hibernate.type.BlobType@897029
22:35:38.764 [Test worker] DEBUG org.hibernate.type.BasicTypeRegistry - Adding type registration materialized_blob -> org.hibernate.type.MaterializedBlobType@25db64dd
22:35:38.771 [Test worker] DEBUG org.hibernate.type.BasicTypeRegistry - Adding type registration clob -> org.hibernate.type.ClobType@1066974d
22:35:38.771 [Test worker] DEBUG org.hibernate.type.BasicTypeRegistry - Adding type registration java.sql.Clob -> org.hibernate.type.ClobType@1066974d
22:35:38.777 [Test worker] DEBUG org.hibernate.type.BasicTypeRegistry - Adding type registration nclob -> org.hibernate.type.NClobType@1c59e67e
22:35:38.777 [Test worker] DEBUG org.hibernate.type.BasicTypeRegistry - Adding type registration java.sql.NClob -> org.hibernate.type.NClobType@1c59e67e
22:35:38.779 [Test worker] DEBUG org.hibernate.type.BasicTypeRegistry - Adding type registration materialized_clob -> org.hibernate.type.MaterializedClobType@4385ffde
22:35:38.781 [Test worker] DEBUG org.hibernate.type.BasicTypeRegistry - Adding type registration materialized_nclob -> org.hibernate.type.MaterializedNClobType@652df22d
22:35:38.787 [Test worker] DEBUG org.hibernate.type.BasicTypeRegistry - Adding type registration serializable -> org.hibernate.type.SerializableType@6d5342e4
22:35:38.797 [Test worker] DEBUG org.hibernate.type.BasicTypeRegistry - Adding type registration object -> org.hibernate.type.ObjectType@2995c11b
22:35:38.797 [Test worker] DEBUG org.hibernate.type.BasicTypeRegistry - Adding type registration java.lang.Object -> org.hibernate.type.ObjectType@2995c11b
22:35:38.798 [Test worker] DEBUG org.hibernate.type.BasicTypeRegistry - Adding type registration imm_date -> org.hibernate.type.AdaptedImmutableType@2835d440
22:35:38.799 [Test worker] DEBUG org.hibernate.type.BasicTypeRegistry - Adding type registration imm_time -> org.hibernate.type.AdaptedImmutableType@2faf5544
22:35:38.800 [Test worker] DEBUG org.hibernate.type.BasicTypeRegistry - Adding type registration imm_timestamp -> org.hibernate.type.AdaptedImmutableType@305fb52a
22:35:38.800 [Test worker] DEBUG org.hibernate.type.BasicTypeRegistry - Adding type registration imm_dbtimestamp -> org.hibernate.type.AdaptedImmutableType@373324c5
22:35:38.800 [Test worker] DEBUG org.hibernate.type.BasicTypeRegistry - Adding type registration imm_calendar -> org.hibernate.type.AdaptedImmutableType@312271b7
22:35:38.800 [Test worker] DEBUG org.hibernate.type.BasicTypeRegistry - Adding type registration imm_calendar_date -> org.hibernate.type.AdaptedImmutableType@647207a2
22:35:38.800 [Test worker] DEBUG org.hibernate.type.BasicTypeRegistry - Adding type registration imm_binary -> org.hibernate.type.AdaptedImmutableType@294918e3
22:35:38.800 [Test worker] DEBUG org.hibernate.type.BasicTypeRegistry - Adding type registration imm_serializable -> org.hibernate.type.AdaptedImmutableType@7721403
22:35:38.859 [Test worker] DEBUG org.hibernate.id.factory.internal.DefaultIdentifierGeneratorFactory - Registering IdentifierGenerator strategy [uuid2] -> [org.hibernate.id.UUIDGenerator]
22:35:38.869 [Test worker] DEBUG org.hibernate.id.factory.internal.DefaultIdentifierGeneratorFactory - Registering IdentifierGenerator strategy [guid] -> [org.hibernate.id.GUIDGenerator]
22:35:38.869 [Test worker] DEBUG org.hibernate.id.factory.internal.DefaultIdentifierGeneratorFactory - Registering IdentifierGenerator strategy [uuid] -> [org.hibernate.id.UUIDHexGenerator]
22:35:38.869 [Test worker] DEBUG org.hibernate.id.factory.internal.DefaultIdentifierGeneratorFactory - Registering IdentifierGenerator strategy [uuid.hex] -> [org.hibernate.id.UUIDHexGenerator]
22:35:38.869 [Test worker] DEBUG org.hibernate.id.factory.internal.DefaultIdentifierGeneratorFactory - Registering IdentifierGenerator strategy [assigned] -> [org.hibernate.id.Assigned]
22:35:38.869 [Test worker] DEBUG org.hibernate.id.factory.internal.DefaultIdentifierGeneratorFactory - Registering IdentifierGenerator strategy [identity] -> [org.hibernate.id.IdentityGenerator]
22:35:38.869 [Test worker] DEBUG org.hibernate.id.factory.internal.DefaultIdentifierGeneratorFactory - Registering IdentifierGenerator strategy [select] -> [org.hibernate.id.SelectGenerator]
22:35:38.879 [Test worker] DEBUG org.hibernate.id.factory.internal.DefaultIdentifierGeneratorFactory - Registering IdentifierGenerator strategy [sequence] -> [org.hibernate.id.enhanced.SequenceStyleGenerator]
22:35:38.879 [Test worker] DEBUG org.hibernate.id.factory.internal.DefaultIdentifierGeneratorFactory - Registering IdentifierGenerator strategy [seqhilo] -> [org.hibernate.id.SequenceHiLoGenerator]
22:35:38.879 [Test worker] DEBUG org.hibernate.id.factory.internal.DefaultIdentifierGeneratorFactory - Registering IdentifierGenerator strategy [increment] -> [org.hibernate.id.IncrementGenerator]
22:35:38.879 [Test worker] DEBUG org.hibernate.id.factory.internal.DefaultIdentifierGeneratorFactory - Registering IdentifierGenerator strategy [foreign] -> [org.hibernate.id.ForeignGenerator]
22:35:38.879 [Test worker] DEBUG org.hibernate.id.factory.internal.DefaultIdentifierGeneratorFactory - Registering IdentifierGenerator strategy [sequence-identity] -> [org.hibernate.id.SequenceIdentityGenerator]
22:35:38.879 [Test worker] DEBUG org.hibernate.id.factory.internal.DefaultIdentifierGeneratorFactory - Registering IdentifierGenerator strategy [enhanced-sequence] -> [org.hibernate.id.enhanced.SequenceStyleGenerator]
22:35:38.879 [Test worker] DEBUG org.hibernate.id.factory.internal.DefaultIdentifierGeneratorFactory - Registering IdentifierGenerator strategy [enhanced-table] -> [org.hibernate.id.enhanced.TableGenerator]
22:35:38.889 [Test worker] WARN org.hibernate.orm.connections.pooling - HHH10001002: Using Hibernate built-in connection pool (not for production use!)
22:35:38.899 [Test worker] INFO org.hibernate.orm.connections.pooling - HHH10001005: using driver [com.mysql.cj.jdbc.Driver] at URL [jdbc:mysql://localhost:3306/bugtracker?serverTimezone=UTC]
22:35:38.909 [Test worker] INFO org.hibernate.orm.connections.pooling - HHH10001001: Connection properties: {user=root, password=}
22:35:38.909 [Test worker] INFO org.hibernate.orm.connections.pooling - HHH10001003: Autocommit mode: false
22:35:38.909 [Test worker] DEBUG org.hibernate.engine.jdbc.connections.internal.DriverManagerConnectionProviderImpl - Initializing Connection pool with 1 Connections
22:35:38.909 [Test worker] INFO org.hibernate.engine.jdbc.connections.internal.DriverManagerConnectionProviderImpl - HHH000115: Hibernate connection pool size: 1 (min=1)
22:35:39.239 [Test worker] DEBUG org.hibernate.engine.jdbc.env.internal.JdbcEnvironmentInitiator - Database ->
       name : MySQL
    version : 5.5.5-10.4.11-MariaDB
      major : 5
      minor : 5
22:35:39.239 [Test worker] DEBUG org.hibernate.engine.jdbc.env.internal.JdbcEnvironmentInitiator - Driver ->
       name : MySQL Connector/J
    version : mysql-connector-java-8.0.22 (Revision: d64b664fa93e81296a377de031b8123a67e6def2)
      major : 8
      minor : 0
22:35:39.239 [Test worker] DEBUG org.hibernate.engine.jdbc.env.internal.JdbcEnvironmentInitiator - JDBC version : 4.2
22:35:39.259 [Test worker] INFO org.hibernate.dialect.Dialect - HHH000400: Using dialect: org.hibernate.dialect.MySQLDialect
22:35:39.279 [Test worker] DEBUG org.hibernate.engine.jdbc.env.spi.IdentifierHelperBuilder - JDBC driver metadata reported database stores quoted identifiers in more than one case
22:35:39.289 [Test worker] DEBUG org.hibernate.engine.jdbc.env.spi.IdentifierHelperBuilder - IdentifierCaseStrategy for both quoted and unquoted identifiers was set to the same strategy [LOWER]; that will likely lead to problems in schema update and validation if using quoted identifiers
22:35:39.329 [Test worker] DEBUG org.hibernate.boot.model.relational.Namespace - Created database namespace [logicalName=Name{catalog=null, schema=null}, physicalName=Name{catalog=null, schema=null}]
22:35:39.339 [Test worker] DEBUG org.hibernate.type.spi.TypeConfiguration$Scope - Scoping TypeConfiguration [org.hibernate.type.spi.TypeConfiguration@47fc387a] to MetadataBuildingContext [org.hibernate.boot.internal.MetadataBuildingContextRootImpl@732aa76]
22:35:39.399 [Test worker] DEBUG org.hibernate.cfg.AnnotationBinder - Binding entity from annotated class: ru.stqa.learn.mantis.model.UserData
22:35:39.439 [Test worker] DEBUG org.hibernate.cfg.Ejb3Column - Binding column: Ejb3DiscriminatorColumn{logicalColumnName'DTYPE', discriminatorTypeName='string'}
22:35:39.449 [Test worker] DEBUG org.hibernate.cfg.annotations.EntityBinder - Import with entity name UserData
22:35:39.459 [Test worker] DEBUG org.hibernate.cfg.annotations.EntityBinder - Bind entity ru.stqa.learn.mantis.model.UserData on table mantis_user_table
22:35:39.509 [Test worker] DEBUG org.hibernate.cfg.Ejb3Column - Binding column: Ejb3Column{table=org.hibernate.mapping.Table(mantis_user_table), mappingColumn=id, insertable=true, updatable=true, unique=false}
22:35:39.519 [Test worker] DEBUG org.hibernate.boot.internal.ClassLoaderAccessImpl - Not known whether passed class name [ru.stqa.learn.mantis.model.UserData] is safe
22:35:39.519 [Test worker] DEBUG org.hibernate.boot.internal.ClassLoaderAccessImpl - No temp ClassLoader provided; using live ClassLoader for loading potentially unsafe class : ru.stqa.learn.mantis.model.UserData
22:35:39.519 [Test worker] DEBUG org.hibernate.cfg.annotations.PropertyBinder - MetadataSourceProcessor property id with lazy=false
22:35:39.529 [Test worker] DEBUG org.hibernate.cfg.AbstractPropertyHolder - Attempting to locate auto-apply AttributeConverter for property [ru.stqa.learn.mantis.model.UserData:id]
22:35:39.529 [Test worker] DEBUG org.hibernate.cfg.annotations.SimpleValueBinder - building SimpleValue for id
22:35:39.539 [Test worker] DEBUG org.hibernate.cfg.annotations.PropertyBinder - Building property id
22:35:39.549 [Test worker] DEBUG org.hibernate.cfg.BinderHelper - #makeIdGenerator(org.hibernate.mapping.SimpleValue([org.hibernate.mapping.Column(id)]), id, assigned, , ...)
22:35:39.549 [Test worker] DEBUG org.hibernate.cfg.Ejb3Column - Binding column: Ejb3Column{table=org.hibernate.mapping.Table(mantis_user_table), mappingColumn=email, insertable=true, updatable=true, unique=false}
22:35:39.549 [Test worker] DEBUG org.hibernate.cfg.annotations.PropertyBinder - MetadataSourceProcessor property email with lazy=false
22:35:39.559 [Test worker] DEBUG org.hibernate.cfg.AbstractPropertyHolder - Attempting to locate auto-apply AttributeConverter for property [ru.stqa.learn.mantis.model.UserData:email]
22:35:39.559 [Test worker] DEBUG org.hibernate.cfg.annotations.SimpleValueBinder - building SimpleValue for email
22:35:39.559 [Test worker] DEBUG org.hibernate.cfg.annotations.PropertyBinder - Building property email
22:35:39.559 [Test worker] DEBUG org.hibernate.cfg.Ejb3Column - Binding column: Ejb3Column{table=org.hibernate.mapping.Table(mantis_user_table), mappingColumn=username, insertable=true, updatable=true, unique=false}
22:35:39.559 [Test worker] DEBUG org.hibernate.cfg.annotations.PropertyBinder - MetadataSourceProcessor property username with lazy=false
22:35:39.559 [Test worker] DEBUG org.hibernate.cfg.AbstractPropertyHolder - Attempting to locate auto-apply AttributeConverter for property [ru.stqa.learn.mantis.model.UserData:username]
22:35:39.559 [Test worker] DEBUG org.hibernate.cfg.annotations.SimpleValueBinder - building SimpleValue for username
22:35:39.559 [Test worker] DEBUG org.hibernate.cfg.annotations.PropertyBinder - Building property username
22:35:39.569 [Test worker] DEBUG org.hibernate.cfg.annotations.SimpleValueBinder - Starting fillSimpleValue for id
22:35:39.569 [Test worker] DEBUG org.hibernate.cfg.annotations.SimpleValueBinder - Starting fillSimpleValue for email
22:35:39.569 [Test worker] DEBUG org.hibernate.cfg.annotations.SimpleValueBinder - Starting fillSimpleValue for username
22:35:39.579 [Test worker] DEBUG org.hibernate.mapping.PrimaryKey - Forcing column [id] to be non-null as it is part of the primary key for table [mantis_user_table]
22:35:39.668 [Test worker] DEBUG org.hibernate.internal.SessionFactoryImpl - Building session factory
22:35:39.668 [Test worker] DEBUG org.hibernate.cfg.Settings - SessionFactory name : null
22:35:39.678 [Test worker] DEBUG org.hibernate.cfg.Settings - Automatic flush during beforeCompletion(): enabled
22:35:39.678 [Test worker] DEBUG org.hibernate.cfg.Settings - Automatic session close at end of transaction: disabled
22:35:39.678 [Test worker] DEBUG org.hibernate.cfg.Settings - Statistics: disabled
22:35:39.678 [Test worker] DEBUG org.hibernate.cfg.Settings - Deleted entity synthetic identifier rollback: disabled
22:35:39.678 [Test worker] DEBUG org.hibernate.cfg.Settings - Default entity-mode: pojo
22:35:39.678 [Test worker] DEBUG org.hibernate.cfg.Settings - Check Nullability in Core (should be disabled when Bean Validation is on): enabled
22:35:39.678 [Test worker] DEBUG org.hibernate.cfg.Settings - Allow initialization of lazy state outside session : disabled
22:35:39.678 [Test worker] DEBUG org.hibernate.cfg.Settings - Using BatchFetchStyle : LEGACY
22:35:39.678 [Test worker] DEBUG org.hibernate.cfg.Settings - Default batch fetch size: -1
22:35:39.678 [Test worker] DEBUG org.hibernate.cfg.Settings - Maximum outer join fetch depth: 2
22:35:39.678 [Test worker] DEBUG org.hibernate.cfg.Settings - Default null ordering: NONE
22:35:39.678 [Test worker] DEBUG org.hibernate.cfg.Settings - Order SQL updates by primary key: disabled
22:35:39.678 [Test worker] DEBUG org.hibernate.cfg.Settings - Order SQL inserts for batching: disabled
22:35:39.678 [Test worker] DEBUG org.hibernate.cfg.Settings - multi-tenancy strategy : NONE
22:35:39.678 [Test worker] DEBUG org.hibernate.cfg.Settings - JTA Track by Thread: enabled
22:35:39.688 [Test worker] DEBUG org.hibernate.cfg.Settings - Query language substitutions: {}
22:35:39.688 [Test worker] DEBUG org.hibernate.cfg.Settings - Named query checking : enabled
22:35:39.688 [Test worker] DEBUG org.hibernate.cfg.Settings - Second-level cache: disabled
22:35:39.688 [Test worker] DEBUG org.hibernate.cfg.Settings - Second-level query cache: disabled
22:35:39.688 [Test worker] DEBUG org.hibernate.cfg.Settings - Second-level query cache factory: null
22:35:39.688 [Test worker] DEBUG org.hibernate.cfg.Settings - Second-level cache region prefix: null
22:35:39.688 [Test worker] DEBUG org.hibernate.cfg.Settings - Optimize second-level cache for minimal puts: disabled
22:35:39.688 [Test worker] DEBUG org.hibernate.cfg.Settings - Structured second-level cache entries: disabled
22:35:39.688 [Test worker] DEBUG org.hibernate.cfg.Settings - Second-level cache direct-reference entries: disabled
22:35:39.688 [Test worker] DEBUG org.hibernate.cfg.Settings - Automatic eviction of collection cache: disabled
22:35:39.688 [Test worker] DEBUG org.hibernate.cfg.Settings - JDBC batch size: 15
22:35:39.688 [Test worker] DEBUG org.hibernate.cfg.Settings - JDBC batch updates for versioned data: enabled
22:35:39.688 [Test worker] DEBUG org.hibernate.cfg.Settings - Scrollable result sets: enabled
22:35:39.688 [Test worker] DEBUG org.hibernate.cfg.Settings - Wrap result sets: disabled
22:35:39.688 [Test worker] DEBUG org.hibernate.cfg.Settings - JDBC3 getGeneratedKeys(): enabled
22:35:39.688 [Test worker] DEBUG org.hibernate.cfg.Settings - JDBC result set fetch size: null
22:35:39.688 [Test worker] DEBUG org.hibernate.cfg.Settings - Connection release mode: AFTER_TRANSACTION
22:35:39.688 [Test worker] DEBUG org.hibernate.cfg.Settings - Generate SQL with comments: disabled
22:35:39.688 [Test worker] DEBUG org.hibernate.cfg.Settings - JPA compliance - query : disabled
22:35:39.688 [Test worker] DEBUG org.hibernate.cfg.Settings - JPA compliance - closed-handling : disabled
22:35:39.688 [Test worker] DEBUG org.hibernate.cfg.Settings - JPA compliance - lists : disabled
22:35:39.688 [Test worker] DEBUG org.hibernate.cfg.Settings - JPA compliance - transactions : disabled
22:35:39.870 [Test worker] DEBUG org.hibernate.internal.SessionFactoryImpl - Session factory constructed with filter configurations : {}
22:35:39.870 [Test worker] DEBUG org.hibernate.internal.SessionFactoryImpl - Instantiating session factory with properties: {sun.desktop=windows, awt.toolkit=sun.awt.windows.WToolkit, dialect=org.hibernate.dialect.MySQLDialect, file.encoding.pkg=sun.io, java.specification.version=1.8, sun.cpu.isalist=amd64, sun.jnu.encoding=Cp1251, hibernate.dialect=org.hibernate.dialect.MySQLDialect, org.gradle.test.worker=9, java.class.path=C:\Users\v.pishkalo\java-learn\mantis-tests\build\classes\java\test;C:\Users\v.pishkalo\java-learn\mantis-tests\build\resources\test;C:\Users\v.pishkalo\java-learn\mantis-tests\build\classes\java\main;C:\Users\v.pishkalo\java-learn\mantis-tests\build\resources\main;C:\Users\Admin\.gradle\caches\modules-2\files-2.1\org.testng\testng\7.1.0\b0bcea778fb2899aeb4014c558babea8833d180a\testng-7.1.0.jar;C:\Users\Admin\.gradle\caches\modules-2\files-2.1\ch.qos.logback\logback-classic\1.3.0-alpha5\3195156aa3b62b2f4407a7841700f2759bebf192\logback-classic-1.3.0-alpha5.jar;C:\Users\Admin\.gradle\caches\modules-2\files-2.1\org.seleniumhq.selenium\selenium-java\4.0.0-alpha-6\ac67ee553c8336a4cf4d0b46cd05437ee90326ae\selenium-java-4.0.0-alpha-6.jar;C:\Users\Admin\.gradle\caches\modules-2\files-2.1\org.hamcrest\hamcrest\2.2\1820c0968dba3a11a1b30669bb1f01978a91dedc\hamcrest-2.2.jar;C:\Users\Admin\.gradle\caches\modules-2\files-2.1\org.apache.httpcomponents\httpclient\4.5.13\e5f6cae5ca7ecaac1ec2827a9e2d65ae2869cada\httpclient-4.5.13.jar;C:\Users\Admin\.gradle\caches\modules-2\files-2.1\commons-net\commons-net\20030805.205232\d5d117a36bca0b628a77c4d4d513eea4104749dc\commons-net-20030805.205232.jar;C:\Users\Admin\.gradle\caches\modules-2\files-2.1\org.subethamail\subethasmtp\3.1.7\41381242daa11113c32da5b25d001bfdf4df53fb\subethasmtp-3.1.7.jar;C:\Users\Admin\.gradle\caches\modules-2\files-2.1\javax.mail\mail\1.5.0-b01\c128515e42609622ce3f7dc0b431026d80bdb688\mail-1.5.0-b01.jar;C:\Users\Admin\.gradle\caches\modules-2\files-2.1\ru.lanwen.verbalregex\java-verbal-expressions\1.6\a006afed616cfceb0ba77a58b51d59d4ea3f6e63\java-verbal-expressions-1.6.jar;C:\Users\Admin\.gradle\caches\modules-2\files-2.1\mysql\mysql-connector-java\8.0.22\ec8bfce16c8bd18d6cb598b1147aa145be1408f\mysql-connector-java-8.0.22.jar;C:\Users\Admin\.gradle\caches\modules-2\files-2.1\org.hibernate\hibernate-core\5.4.23.Final\a0a0eaafeab33ebd42a1df1390070a3bd26db7c0\hibernate-core-5.4.23.Final.jar;C:\Users\Admin\.gradle\caches\modules-2\files-2.1\com.beust\jcommander\1.72\6375e521c1e11d6563d4f25a07ce124ccf8cd171\jcommander-1.72.jar;C:\Users\Admin\.gradle\caches\modules-2\files-2.1\com.google.inject\guice\4.1.0\faf9ee8ac09eafd1128091426dd367a8c0085d55\guice-4.1.0-no_aop.jar;C:\Users\Admin\.gradle\caches\modules-2\files-2.1\org.yaml\snakeyaml\1.21\18775fdda48574784f40b47bf478ab0593f92e4d\snakeyaml-1.21.jar;C:\Users\Admin\.gradle\caches\modules-2\files-2.1\ch.qos.logback\logback-core\1.3.0-alpha5\4f3163d95c96b7be69d9e5245573834fd130a4bb\logback-core-1.3.0-alpha5.jar;C:\Users\Admin\.gradle\caches\modules-2\files-2.1\org.seleniumhq.selenium\selenium-support\4.0.0-alpha-6\6b19d637a6a16267e6a08b525164eb21db198717\selenium-support-4.0.0-alpha-6.jar;C:\Users\Admin\.gradle\caches\modules-2\files-2.1\org.seleniumhq.selenium\selenium-chrome-driver\4.0.0-alpha-6\49dafb6f52343a8e27a6231627925a7be2060782\selenium-chrome-driver-4.0.0-alpha-6.jar;C:\Users\Admin\.gradle\caches\modules-2\files-2.1\org.seleniumhq.selenium\selenium-edge-driver\4.0.0-alpha-6\302f9ea0c973b53fed8364660b30df30caf26988\selenium-edge-driver-4.0.0-alpha-6.jar;C:\Users\Admin\.gradle\caches\modules-2\files-2.1\org.seleniumhq.selenium\selenium-edgehtml-driver\4.0.0-alpha-6\d65b6fdc95fd94550047cfad535647681d973264\selenium-edgehtml-driver-4.0.0-alpha-6.jar;C:\Users\Admin\.gradle\caches\modules-2\files-2.1\org.seleniumhq.selenium\selenium-firefox-xpi-driver\4.0.0-alpha-6\988657b2c456fafa19bc6b1d1b33b22fef934d0e\selenium-firefox-xpi-driver-4.0.0-alpha-6.jar;C:\Users\Admin\.gradle\caches\modules-2\files-2.1\org.seleniumhq.selenium\selenium-firefox-driver\4.0.0-alpha-6\6582b237b92209443acc6a780f4fbd1e7db159fc\selenium-firefox-driver-4.0.0-alpha-6.jar;C:\Users\Admin\.gradle\caches\modules-2\files-2.1\org.seleniumhq.selenium\selenium-ie-driver\4.0.0-alpha-6\2df353cecd9f3e658c028a39d9638246852e847f\selenium-ie-driver-4.0.0-alpha-6.jar;C:\Users\Admin\.gradle\caches\modules-2\files-2.1\org.seleniumhq.selenium\selenium-opera-driver\4.0.0-alpha-6\4e205dbee81aeac0431d47a4025ca19161386be8\selenium-opera-driver-4.0.0-alpha-6.jar;C:\Users\Admin\.gradle\caches\modules-2\files-2.1\org.seleniumhq.selenium\selenium-safari-driver\4.0.0-alpha-6\bc4f2e3a387a792f205d6f007c05ecf08e6fba59\selenium-safari-driver-4.0.0-alpha-6.jar;C:\Users\Admin\.gradle\caches\modules-2\files-2.1\org.seleniumhq.selenium\selenium-chromium-driver\4.0.0-alpha-6\9052e4642bbdafd193147723720fbc3474328932\selenium-chromium-driver-4.0.0-alpha-6.jar;C:\Users\Admin\.gradle\caches\modules-2\files-2.1\org.seleniumhq.selenium\selenium-devtools\4.0.0-alpha-6\7a5e377292e32261568a8c4db87324b0c4026cf5\selenium-devtools-4.0.0-alpha-6.jar;C:\Users\Admin\.gradle\caches\modules-2\files-2.1\org.seleniumhq.selenium\selenium-remote-driver\4.0.0-alpha-6\39ee52c49a09c77b0e493ef748aafe051c4714e0\selenium-remote-driver-4.0.0-alpha-6.jar;C:\Users\Admin\.gradle\caches\modules-2\files-2.1\org.asynchttpclient\async-http-client\2.12.1\9b1b2a8f5e836c68501a259baa6c6c3e8a7cb420\async-http-client-2.12.1.jar;C:\Users\Admin\.gradle\caches\modules-2\files-2.1\org.asynchttpclient\async-http-client-netty-utils\2.12.1\b7f586db0b554e2aaba9acd321a2e1d70efcf3db\async-http-client-netty-utils-2.12.1.jar;C:\Users\Admin\.gradle\caches\modules-2\files-2.1\org.slf4j\slf4j-api\2.0.0-alpha1\e979781e847d44d3618c4479d438956593b6b080\slf4j-api-2.0.0-alpha1.jar;C:\Users\Admin\.gradle\caches\modules-2\files-2.1\com.sun.mail\javax.mail\1.6.2\935151eb71beff17a2ffac15dd80184a99a0514f\javax.mail-1.6.2.jar;C:\Users\Admin\.gradle\caches\modules-2\files-2.1\edu.washington.cs.types.checker\checker-framework\1.7.0\f652eb570f82dea2f7718c23f81b759c0c8e5ccf\checker-framework-1.7.0.jar;C:\Users\Admin\.gradle\caches\modules-2\files-2.1\org.seleniumhq.selenium\selenium-http\4.0.0-alpha-6\4a8c7db7b0de829c008d90277a56b34dcc9167b2\selenium-http-4.0.0-alpha-6.jar;C:\Users\Admin\.gradle\caches\modules-2\files-2.1\org.seleniumhq.selenium\selenium-json\4.0.0-alpha-6\83139783aa0aa63b6fddc2beee8663ac1a4958c9\selenium-json-4.0.0-alpha-6.jar;C:\Users\Admin\.gradle\caches\modules-2\files-2.1\org.seleniumhq.selenium\selenium-api\4.0.0-alpha-6\2b26a94552faeb9032f5b12670284a2481d0976\selenium-api-4.0.0-alpha-6.jar;C:\Users\Admin\.gradle\caches\modules-2\files-2.1\org.apache.httpcomponents\httpcore\4.4.13\853b96d3afbb7bf8cc303fe27ee96836a10c1834\httpcore-4.4.13.jar;C:\Users\Admin\.gradle\caches\modules-2\files-2.1\commons-logging\commons-logging\1.2\4bfc12adfe4842bf07b657f0369c4cb522955686\commons-logging-1.2.jar;C:\Users\Admin\.gradle\caches\modules-2\files-2.1\commons-codec\commons-codec\1.11\3acb4705652e16236558f0f4f2192cc33c3bd189\commons-codec-1.11.jar;C:\Users\Admin\.gradle\caches\modules-2\files-2.1\javax.activation\activation\1.1.1\485de3a253e23f645037828c07f1d7f1af40763a\activation-1.1.1.jar;C:\Users\Admin\.gradle\caches\modules-2\files-2.1\com.google.auto.service\auto-service\1.0-rc6\4586e4191111b24135ffac93d3e1a91e91bf71d3\auto-service-1.0-rc6.jar;C:\Users\Admin\.gradle\caches\modules-2\files-2.1\io.opentelemetry\opentelemetry-sdk\0.4.0\11d62f65a90ef52eb40e020f0a87f20df496a305\opentelemetry-sdk-0.4.0.jar;C:\Users\Admin\.gradle\caches\modules-2\files-2.1\com.google.auto\auto-common\0.10\c8f153ebe04a17183480ab4016098055fb474364\auto-common-0.10.jar;C:\Users\Admin\.gradle\caches\modules-2\files-2.1\com.google.guava\guava\29.0-jre\801142b4c3d0f0770dd29abea50906cacfddd447\guava-29.0-jre.jar;C:\Users\Admin\.gradle\caches\modules-2\files-2.1\com.google.code.findbugs\jsr305\3.0.2\25ea2e8b0c338a877313bd4672d3fe056ea78f0d\jsr305-3.0.2.jar;C:\Users\Admin\.gradle\caches\modules-2\files-2.1\com.google.protobuf\protobuf-java\3.11.4\7ec0925cc3aef0335bbc7d57edfd42b0f86f8267\protobuf-java-3.11.4.jar;C:\Users\Admin\.gradle\caches\modules-2\files-2.1\org.hibernate.common\hibernate-commons-annotations\5.1.2.Final\e59ffdbc6ad09eeb33507b39ffcf287679a498c8\hibernate-commons-annotations-5.1.2.Final.jar;C:\Users\Admin\.gradle\caches\modules-2\files-2.1\org.jboss.logging\jboss-logging\3.4.1.Final\40fd4d696c55793e996d1ff3c475833f836c2498\jboss-logging-3.4.1.Final.jar;C:\Users\Admin\.gradle\caches\modules-2\files-2.1\javax.persistence\javax.persistence-api\2.2\25665ac8c0b62f50e6488173233239120fc52c96\javax.persistence-api-2.2.jar;C:\Users\Admin\.gradle\caches\modules-2\files-2.1\org.javassist\javassist\3.24.0-GA\d7466fc2e3af7c023e95c510f06448ad29b225b3\javassist-3.24.0-GA.jar;C:\Users\Admin\.gradle\caches\modules-2\files-2.1\net.bytebuddy\byte-buddy\1.10.17\7ed0da3ca193fa4c2d1ae0d45b28fa45e63acc6e\byte-buddy-1.10.17.jar;C:\Users\Admin\.gradle\caches\modules-2\files-2.1\antlr\antlr\2.7.7\83cd2cd674a217ade95a4bb83a8a14f351f48bd0\antlr-2.7.7.jar;C:\Users\Admin\.gradle\caches\modules-2\files-2.1\org.jboss.spec.javax.transaction\jboss-transaction-api_1.2_spec\1.1.1.Final\a8485cab9484dda36e9a8c319e76b5cc18797b58\jboss-transaction-api_1.2_spec-1.1.1.Final.jar;C:\Users\Admin\.gradle\caches\modules-2\files-2.1\org.jboss\jandex\2.1.3.Final\cd56603e39eb1421560b71daa584348ecfd9e0b8\jandex-2.1.3.Final.jar;C:\Users\Admin\.gradle\caches\modules-2\files-2.1\com.fasterxml\classmate\1.5.1\3fe0bed568c62df5e89f4f174c101eab25345b6c\classmate-1.5.1.jar;C:\Users\Admin\.gradle\caches\modules-2\files-2.1\org.glassfish.jaxb\jaxb-runtime\2.3.1\dd6dda9da676a54c5b36ca2806ff95ee017d8738\jaxb-runtime-2.3.1.jar;C:\Users\Admin\.gradle\caches\modules-2\files-2.1\javax.xml.bind\jaxb-api\2.3.1\8531ad5ac454cc2deb9d4d32c40c4d7451939b5d\jaxb-api-2.3.1.jar;C:\Users\Admin\.gradle\caches\modules-2\files-2.1\javax.activation\javax.activation-api\1.2.0\85262acf3ca9816f9537ca47d5adeabaead7cb16\javax.activation-api-1.2.0.jar;C:\Users\Admin\.gradle\caches\modules-2\files-2.1\org.dom4j\dom4j\2.1.3\a75914155a9f5808963170ec20653668a2ffd2fd\dom4j-2.1.3.jar;C:\Users\Admin\.gradle\caches\modules-2\files-2.1\javax.inject\javax.inject\1\6975da39a7040257bd51d21a231b76c915872d38\javax.inject-1.jar;C:\Users\Admin\.gradle\caches\modules-2\files-2.1\aopalliance\aopalliance\1.0\235ba8b489512805ac13a8f9ea77a1ca5ebe3e8\aopalliance-1.0.jar;C:\Users\Admin\.gradle\caches\modules-2\files-2.1\com.google.auto.service\auto-service-annotations\1.0-rc6\32c6a6313217c949396376d9caddb6b8c8f4e7c3\auto-service-annotations-1.0-rc6.jar;C:\Users\Admin\.gradle\caches\modules-2\files-2.1\com.squareup.okhttp3\okhttp\4.5.0\cfd127ae6de4862daa93e15ceae9291108eaabc5\okhttp-4.5.0.jar;C:\Users\Admin\.gradle\caches\modules-2\files-2.1\com.squareup.okio\okio\2.6.0\f06923d428f3c8e6f571043ec29a45d0cd9d2bf\okio-jvm-2.6.0.jar;C:\Users\Admin\.gradle\caches\modules-2\files-2.1\com.typesafe.netty\netty-reactive-streams\2.0.4\f77c8eaa7d5e2f2160b6d21ba385cf726f164b2\netty-reactive-streams-2.0.4.jar;C:\Users\Admin\.gradle\caches\modules-2\files-2.1\io.opentelemetry\opentelemetry-api\0.4.0\93c8ab616a104f7bc0da4d7d6f17bd9a25f896e\opentelemetry-api-0.4.0.jar;C:\Users\Admin\.gradle\caches\modules-2\files-2.1\io.opentelemetry\opentelemetry-context-prop\0.4.0\fd757a9c93864ad7c93081c4d0e56f491aadff22\opentelemetry-context-prop-0.4.0.jar;C:\Users\Admin\.gradle\caches\modules-2\files-2.1\io.grpc\grpc-context\1.28.0\36d7838a68e29ad12a3cf67a4e04b621c617ce09\grpc-context-1.28.0.jar;C:\Users\Admin\.gradle\caches\modules-2\files-2.1\io.projectreactor.netty\reactor-netty\0.9.6.RELEASE\b98b670a8dc1079b17ff5dd82cc78acac001999a\reactor-netty-0.9.6.RELEASE.jar;C:\Users\Admin\.gradle\caches\modules-2\files-2.1\io.netty\netty-codec-http2\4.1.48.Final\f7a0e40d0eea9a60c05f705a128473f08a3de1dc\netty-codec-http2-4.1.48.Final.jar;C:\Users\Admin\.gradle\caches\modules-2\files-2.1\io.netty\netty-handler-proxy\4.1.48.Final\79910203db6a542189c9aaa9ec187bf5ee16248a\netty-handler-proxy-4.1.48.Final.jar;C:\Users\Admin\.gradle\caches\modules-2\files-2.1\io.netty\netty-codec-http\4.1.49.Final\4f30dbc462b26c588dffc0eb7552caef1a0f549e\netty-codec-http-4.1.49.Final.jar;C:\Users\Admin\.gradle\caches\modules-2\files-2.1\io.netty\netty-transport-native-epoll\4.1.49.Final\a6055557f948034684884e7b3482b17b65e1c642\netty-transport-native-epoll-4.1.49.Final.jar;C:\Users\Admin\.gradle\caches\modules-2\files-2.1\io.netty\netty-transport-native-epoll\4.1.49.Final\643179308a6e7304e7a527e2424b0cffa0b9d14\netty-transport-native-epoll-4.1.49.Final-linux-x86_64.jar;C:\Users\Admin\.gradle\caches\modules-2\files-2.1\io.netty\netty-transport-native-kqueue\4.1.49.Final\be85a89f5895c7d7f75cd78daa4fda23fb20d622\netty-transport-native-kqueue-4.1.49.Final.jar;C:\Users\Admin\.gradle\caches\modules-2\files-2.1\io.netty\netty-transport-native-kqueue\4.1.49.Final\d30588d8c45c091e0213d7a11418a9036d6b3499\netty-transport-native-kqueue-4.1.49.Final-osx-x86_64.jar;C:\Users\Admin\.gradle\caches\modules-2\files-2.1\io.netty\netty-transport-native-unix-common\4.1.49.Final\a2a70601dd24dfdb533ac307955b55fa9f52aca1\netty-transport-native-unix-common-4.1.49.Final.jar;C:\Users\Admin\.gradle\caches\modules-2\files-2.1\io.netty\netty-handler\4.1.49.Final\c73443adb9d085d5dc2d5b7f3bdd91d5963976f7\netty-handler-4.1.49.Final.jar;C:\Users\Admin\.gradle\caches\modules-2\files-2.1\io.netty\netty-codec-socks\4.1.48.Final\42b55c9ca8672ebb7160cadf3c70ffc11638f021\netty-codec-socks-4.1.48.Final.jar;C:\Users\Admin\.gradle\caches\modules-2\files-2.1\io.netty\netty-codec\4.1.49.Final\20218de83c906348283f548c255650fd06030424\netty-codec-4.1.49.Final.jar;C:\Users\Admin\.gradle\caches\modules-2\files-2.1\io.netty\netty-transport\4.1.49.Final\415ea7f326635743aec952fe2349ca45959e94a7\netty-transport-4.1.49.Final.jar;C:\Users\Admin\.gradle\caches\modules-2\files-2.1\io.netty\netty-buffer\4.1.49.Final\8e819a81bca88d1e88137336f64531a53db0a4ad\netty-buffer-4.1.49.Final.jar;C:\Users\Admin\.gradle\caches\modules-2\files-2.1\io.projectreactor\reactor-core\3.3.5.RELEASE\3fe17d2b3c413c38f728049fd334ba9f69b416e1\reactor-core-3.3.5.RELEASE.jar;C:\Users\Admin\.gradle\caches\modules-2\files-2.1\org.apache.commons\commons-exec\1.3\8dfb9facd0830a27b1b5f29f84593f0aeee7773b\commons-exec-1.3.jar;C:\Users\Admin\.gradle\caches\modules-2\files-2.1\org.glassfish.jaxb\txw2\2.3.1\a09d2c48d3285f206fafbffe0e50619284e92126\txw2-2.3.1.jar;C:\Users\Admin\.gradle\caches\modules-2\files-2.1\com.sun.istack\istack-commons-runtime\3.0.7\c197c86ceec7318b1284bffb49b54226ca774003\istack-commons-runtime-3.0.7.jar;C:\Users\Admin\.gradle\caches\modules-2\files-2.1\org.jvnet.staxex\stax-ex\1.8\8cc35f73da321c29973191f2cf143d29d26a1df7\stax-ex-1.8.jar;C:\Users\Admin\.gradle\caches\modules-2\files-2.1\com.sun.xml.fastinfoset\FastInfoset\1.2.15\bb7b7ec0379982b97c62cd17465cb6d9155f68e8\FastInfoset-1.2.15.jar;C:\Users\Admin\.gradle\caches\modules-2\files-2.1\com.google.guava\failureaccess\1.0.1\1dcf1de382a0bf95a3d8b0849546c88bac1292c9\failureaccess-1.0.1.jar;C:\Users\Admin\.gradle\caches\modules-2\files-2.1\com.google.guava\listenablefuture\9999.0-empty-to-avoid-conflict-with-guava\b421526c5f297295adef1c886e5246c39d4ac629\listenablefuture-9999.0-empty-to-avoid-conflict-with-guava.jar;C:\Users\Admin\.gradle\caches\modules-2\files-2.1\org.checkerframework\checker-qual\2.11.1\8c43bf8f99b841d23aadda6044329dad9b63c185\checker-qual-2.11.1.jar;C:\Users\Admin\.gradle\caches\modules-2\files-2.1\com.google.errorprone\error_prone_annotations\2.3.4\dac170e4594de319655ffb62f41cbd6dbb5e601e\error_prone_annotations-2.3.4.jar;C:\Users\Admin\.gradle\caches\modules-2\files-2.1\com.google.j2objc\j2objc-annotations\1.3\ba035118bc8bac37d7eff77700720999acd9986d\j2objc-annotations-1.3.jar;C:\Users\Admin\.gradle\caches\modules-2\files-2.1\org.jetbrains.kotlin\kotlin-stdlib\1.3.70\e5d97e25bb5b30dcfc022ec1c8f3959a875257fb\kotlin-stdlib-1.3.70.jar;C:\Users\Admin\.gradle\caches\modules-2\files-2.1\org.jetbrains.kotlin\kotlin-stdlib-common\1.3.70\3fa8dd6c896d635e78201e5e811545f3846dec04\kotlin-stdlib-common-1.3.70.jar;C:\Users\Admin\.gradle\caches\modules-2\files-2.1\org.reactivestreams\reactive-streams\1.0.3\d9fb7a7926ffa635b3dcaa5049fb2bfa25b3e7d0\reactive-streams-1.0.3.jar;C:\Users\Admin\.gradle\caches\modules-2\files-2.1\io.netty\netty-resolver\4.1.49.Final\eb81e1f0eaa99e75983bf3d28cae2b103e0f3a34\netty-resolver-4.1.49.Final.jar;C:\Users\Admin\.gradle\caches\modules-2\files-2.1\io.netty\netty-common\4.1.49.Final\927c8563a1662d869b145e70ce82ad89100f2c90\netty-common-4.1.49.Final.jar;C:\Users\Admin\.gradle\caches\modules-2\files-2.1\com.sun.activation\javax.activation\1.2.0\bf744c1e2776ed1de3c55c8dac1057ec331ef744\javax.activation-1.2.0.jar;C:\Users\Admin\.gradle\caches\modules-2\files-2.1\org.jetbrains\annotations\13.0\919f0dfe192fb4e063e7dacadee7f8bb9a2672a9\annotations-13.0.jar, java.vm.vendor=Oracle Corporation, sun.arch.data.model=64, hbm2ddl.auto=validate, user.variant=, java.vendor.url=http://java.oracle.com/, user.timezone=Europe/Moscow, os.name=Windows 10, java.vm.specification.version=1.8, sun.java.launcher=SUN_STANDARD, user.country=RU, sun.boot.library.path=C:\Program Files\Java\jdk1.8.0_241\jre\bin, sun.java.command=worker.org.gradle.process.internal.worker.GradleWorkerMain 'Gradle Test Executor 9', sun.cpu.endian=little, user.home=C:\Users\Admin, user.language=ru, java.specification.vendor=Oracle Corporation, hibernate.cache.provider_class=org.hibernate.cache.internal.NoCachingRegionFactory, org.gradle.native=false, java.home=C:\Program Files\Java\jdk1.8.0_241\jre, file.separator=\, line.separator=
, java.vm.specification.vendor=Oracle Corporation, java.specification.name=Java Platform API Specification, java.awt.graphicsenv=sun.awt.Win32GraphicsEnvironment, cache.provider_class=org.hibernate.cache.internal.NoCachingRegionFactory, sun.boot.class.path=C:\Program Files\Java\jdk1.8.0_241\jre\lib\resources.jar;C:\Program Files\Java\jdk1.8.0_241\jre\lib\rt.jar;C:\Program Files\Java\jdk1.8.0_241\jre\lib\sunrsasign.jar;C:\Program Files\Java\jdk1.8.0_241\jre\lib\jsse.jar;C:\Program Files\Java\jdk1.8.0_241\jre\lib\jce.jar;C:\Program Files\Java\jdk1.8.0_241\jre\lib\charsets.jar;C:\Program Files\Java\jdk1.8.0_241\jre\lib\jfr.jar;C:\Program Files\Java\jdk1.8.0_241\jre\classes, hibernate.hbm2ddl.auto=validate, user.script=, connection.password=, sun.management.compiler=HotSpot 64-Bit Tiered Compilers, java.runtime.version=1.8.0_241-b07, user.name=Admin, path.separator=;, hibernate.connection.username=****, os.version=10.0, java.endorsed.dirs=C:\Program Files\Java\jdk1.8.0_241\jre\lib\endorsed, java.runtime.name=Java(TM) SE Runtime Environment, hibernate.connection.url=jdbc:mysql://localhost:3306/bugtracker?serverTimezone=UTC, connection.pool_size=1, file.encoding=windows-1251, java.vm.name=Java HotSpot(TM) 64-Bit Server VM, hibernate.show_sql=true, show_sql=true, hibernate.connection.driver_class=com.mysql.cj.jdbc.Driver, java.vendor.url.bug=http://bugreport.sun.com/bugreport/, java.io.tmpdir=C:\Temp\, java.version=1.8.0_241, user.dir=C:\Users\v.pishkalo\java-learn\mantis-tests, os.arch=amd64, connection.username=root, java.vm.specification.name=Java Virtual Machine Specification, hibernate.connection.password=****, java.awt.printerjob=sun.awt.windows.WPrinterJob, sun.os.patch.level=, connection.driver_class=com.mysql.cj.jdbc.Driver, hibernate.boot.CfgXmlAccessService.key=org.hibernate.boot.cfgxml.spi.LoadedConfig@66ddc2a2, java.library.path=C:\Program Files\Java\jdk1.8.0_241\bin;C:\WINDOWS\Sun\Java\bin;C:\WINDOWS\system32;C:\WINDOWS;C:\Program Files\Java\jdk1.8.0_241\\bin;C:\Program Files (x86)\Common Files\Oracle\Java\javapath;C:\Program Files (x86)\Intel\iCLS Client\;C:\Program Files\Intel\iCLS Client\;C:\WINDOWS\system32;C:\WINDOWS;C:\WINDOWS\System32\Wbem;C:\WINDOWS\System32\WindowsPowerShell\v1.0\;C:\Program Files (x86)\Intel\Intel(R) Management Engine Components\DAL;C:\Program Files\Intel\Intel(R) Management Engine Components\DAL;C:\Program Files (x86)\Intel\Intel(R) Management Engine Components\IPT;C:\Program Files\Intel\Intel(R) Management Engine Components\IPT;C:\Program Files\Intel\WiFi\bin\;C:\Program Files\Common Files\Intel\WirelessCommon\;C:\WINDOWS\System32\OpenSSH\;C:\Users\Admin\AppData\Local\Microsoft\WindowsApps;C:\Users\Admin\AppData\Local\GitHubDesktop\bin;., java.vendor=Oracle Corporation, java.vm.info=mixed mode, java.vm.version=25.241-b07, hibernate.bytecode.use_reflection_optimizer=false, sun.io.unicode.encoding=UnicodeLittle, java.ext.dirs=C:\Program Files\Java\jdk1.8.0_241\jre\lib\ext;C:\WINDOWS\Sun\Java\lib\ext, hibernate.connection.pool_size=1, connection.url=jdbc:mysql://localhost:3306/bugtracker?serverTimezone=UTC, java.class.version=52.0}
22:35:39.910 [Test worker] DEBUG org.hibernate.secure.spi.JaccIntegrator - Skipping JACC integration as it was not enabled
22:35:39.910 [Test worker] DEBUG org.hibernate.internal.SessionFactoryImpl - Instantiated session factory
22:35:39.920 [Test worker] DEBUG org.hibernate.type.spi.TypeConfiguration$Scope - Scoping TypeConfiguration [org.hibernate.type.spi.TypeConfiguration@47fc387a] to SessionFactoryImpl [org.hibernate.internal.SessionFactoryImpl@3b91f7c]
22:35:40.076 [Test worker] DEBUG org.hibernate.boot.internal.ClassLoaderAccessImpl - Not known whether passed class name [ru.stqa.learn.mantis.model.UserData] is safe
22:35:40.076 [Test worker] DEBUG org.hibernate.boot.internal.ClassLoaderAccessImpl - No temp ClassLoader provided; using live ClassLoader for loading potentially unsafe class : ru.stqa.learn.mantis.model.UserData
22:35:40.560 [Test worker] DEBUG org.hibernate.persister.entity.AbstractEntityPersister - Static SQL for entity: ru.stqa.learn.mantis.model.UserData
22:35:40.560 [Test worker] DEBUG org.hibernate.persister.entity.AbstractEntityPersister -  Version select: select id from mantis_user_table where id =?
22:35:40.570 [Test worker] DEBUG org.hibernate.persister.entity.AbstractEntityPersister -  Snapshot select: select userdata_.id, userdata_.email as email2_0_, userdata_.username as username3_0_ from mantis_user_table userdata_ where userdata_.id=?
22:35:40.570 [Test worker] DEBUG org.hibernate.persister.entity.AbstractEntityPersister -  Insert 0: insert into mantis_user_table (email, username, id) values (?, ?, ?)
22:35:40.570 [Test worker] DEBUG org.hibernate.persister.entity.AbstractEntityPersister -  Update 0: update mantis_user_table set email=?, username=? where id=?
22:35:40.570 [Test worker] DEBUG org.hibernate.persister.entity.AbstractEntityPersister -  Delete 0: delete from mantis_user_table where id=?
22:35:40.608 [Test worker] DEBUG org.hibernate.loader.plan.build.internal.spaces.QuerySpacesImpl - Adding QuerySpace : uid = <gen:0> -> org.hibernate.loader.plan.build.internal.spaces.EntityQuerySpaceImpl@4bfad468]
22:35:40.618 [Test worker] DEBUG org.hibernate.persister.walking.spi.MetamodelGraphWalker - Visiting attribute path : email
22:35:40.618 [Test worker] DEBUG org.hibernate.persister.walking.spi.MetamodelGraphWalker - Visiting attribute path : username
22:35:40.618 [Test worker] DEBUG org.hibernate.loader.plan.build.internal.FetchStyleLoadPlanBuildingAssociationVisitationStrategy - Building LoadPlan...
22:35:40.628 [Test worker] DEBUG org.hibernate.loader.plan.exec.internal.LoadQueryJoinAndFetchProcessor - processing queryspace <gen:0>
22:35:40.638 [Test worker] DEBUG org.hibernate.loader.plan.build.spi.LoadPlanTreePrinter - LoadPlan(entity=ru.stqa.learn.mantis.model.UserData)
    - Returns
       - EntityReturnImpl(entity=ru.stqa.learn.mantis.model.UserData, querySpaceUid=<gen:0>, path=ru.stqa.learn.mantis.model.UserData)
    - QuerySpaces
       - EntityQuerySpaceImpl(uid=<gen:0>, entity=ru.stqa.learn.mantis.model.UserData)
          - SQL table alias mapping - userdata0_
          - alias suffix - 0_
          - suffixed key columns - {id1_0_0_}

22:35:40.638 [Test worker] DEBUG org.hibernate.loader.entity.plan.EntityLoader - Static select for entity ru.stqa.learn.mantis.model.UserData [NONE]: select userdata0_.id as id1_0_0_, userdata0_.email as email2_0_0_, userdata0_.username as username3_0_0_ from mantis_user_table userdata0_ where userdata0_.id=?
22:35:40.718 [Test worker] INFO org.hibernate.orm.connections.access - HHH10001501: Connection obtained from JdbcConnectionAccess [org.hibernate.engine.jdbc.env.internal.JdbcEnvironmentInitiator$ConnectionProviderJdbcConnectionAccess@26f9168] for (non-JTA) DDL execution was not in auto-commit mode; the Connection 'local transaction' will be committed and the Connection will be set into auto-commit mode.
22:35:41.112 [Test worker] DEBUG org.hibernate.engine.transaction.jta.platform.internal.JtaPlatformInitiator - No JtaPlatform was specified, checking resolver
22:35:41.113 [Test worker] DEBUG org.hibernate.engine.transaction.jta.platform.internal.JtaPlatformResolverInitiator - No JtaPlatformResolver was specified, using default [org.hibernate.engine.transaction.jta.platform.internal.StandardJtaPlatformResolver]
22:35:41.129 [Test worker] DEBUG org.hibernate.engine.transaction.jta.platform.internal.StandardJtaPlatformResolver - Could not resolve JtaPlatform, using default [org.hibernate.engine.transaction.jta.platform.internal.NoJtaPlatform]
22:35:41.129 [Test worker] INFO org.hibernate.engine.transaction.jta.platform.internal.JtaPlatformInitiator - HHH000490: Using JtaPlatform implementation: [org.hibernate.engine.transaction.jta.platform.internal.NoJtaPlatform]
22:35:41.133 [Test worker] DEBUG org.hibernate.query.spi.NamedQueryRepository - Checking 0 named HQL queries
22:35:41.133 [Test worker] DEBUG org.hibernate.query.spi.NamedQueryRepository - Checking 0 named SQL queries
22:35:41.150 [Test worker] DEBUG org.hibernate.internal.SessionFactoryRegistry - Initializing SessionFactoryRegistry : org.hibernate.internal.SessionFactoryRegistry@6e409761
22:35:41.155 [Test worker] DEBUG org.hibernate.internal.SessionFactoryRegistry - Registering SessionFactory: c52b9ba2-b3cf-4943-a877-cb838ded1ebf (<unnamed>)
22:35:41.155 [Test worker] DEBUG org.hibernate.internal.SessionFactoryRegistry - Not binding SessionFactory to JNDI, no JNDI name configured
22:35:41.241 [Test worker] DEBUG org.hibernate.stat.internal.StatisticsInitiator - Statistics initialized [enabled=false]
22:35:41.250 [Test worker] DEBUG org.hibernate.engine.transaction.internal.TransactionImpl - On TransactionImpl creation, JpaCompliance#isJpaTransactionComplianceEnabled == false
22:35:41.250 [Test worker] DEBUG org.hibernate.engine.transaction.internal.TransactionImpl - begin
22:35:41.327 [Test worker] DEBUG org.hibernate.hql.internal.QueryTranslatorFactoryInitiator - QueryTranslatorFactory: org.hibernate.hql.internal.ast.ASTQueryTranslatorFactory@72b6b8b7
22:35:41.363 [Test worker] DEBUG org.hibernate.hql.internal.ast.QueryTranslatorImpl - parse() - HQL: from ru.stqa.learn.mantis.model.UserData where username != 'administrator'
22:35:41.372 [Test worker] DEBUG org.hibernate.hql.internal.ast.ErrorTracker - throwQueryException() : no errors
22:35:41.388 [Test worker] DEBUG org.hibernate.hql.internal.ast.QueryTranslatorImpl - --- HQL AST ---
 \-[QUERY] Node: 'query'
    +-[SELECT_FROM] Node: 'SELECT_FROM'
    |  \-[FROM] Node: 'from'
    |     \-[RANGE] Node: 'RANGE'
    |        \-[DOT] Node: '.'
    |           +-[DOT] Node: '.'
    |           |  +-[DOT] Node: '.'
    |           |  |  +-[DOT] Node: '.'
    |           |  |  |  +-[DOT] Node: '.'
    |           |  |  |  |  +-[IDENT] Node: 'ru'
    |           |  |  |  |  \-[IDENT] Node: 'stqa'
    |           |  |  |  \-[IDENT] Node: 'learn'
    |           |  |  \-[IDENT] Node: 'mantis'
    |           |  \-[IDENT] Node: 'model'
    |           \-[IDENT] Node: 'UserData'
    \-[WHERE] Node: 'where'
       \-[NE] Node: '!='
          +-[IDENT] Node: 'username'
          \-[QUOTED_STRING] Node: ''administrator''

22:35:41.426 [Test worker] DEBUG org.hibernate.hql.internal.antlr.HqlSqlBaseWalker - select << begin [level=1, statement=select]
22:35:41.447 [Test worker] DEBUG org.hibernate.hql.internal.ast.tree.FromElement - FromClause{level=1} : ru.stqa.learn.mantis.model.UserData (<no alias>) -> userdata0_
22:35:41.450 [Test worker] DEBUG org.hibernate.hql.internal.ast.tree.FromReferenceNode - Resolved : {synthetic-alias} -> {synthetic-alias}
22:35:41.454 [Test worker] DEBUG org.hibernate.hql.internal.ast.tree.DotNode - getDataType() : username -> org.hibernate.type.StringType@1eee43d5
22:35:41.455 [Test worker] DEBUG org.hibernate.hql.internal.ast.tree.FromReferenceNode - Resolved : {synthetic-alias}.username -> userdata0_.username
22:35:41.458 [Test worker] DEBUG org.hibernate.hql.internal.antlr.HqlSqlBaseWalker - select : finishing up [level=1, statement=select]
22:35:41.458 [Test worker] DEBUG org.hibernate.hql.internal.ast.HqlSqlWalker - processQuery() :  ( SELECT ( FromClause{level=1} mantis_user_table userdata0_ ) ( where ( != ( userdata0_.username {synthetic-alias} username ) 'administrator' ) ) )
22:35:41.465 [Test worker] DEBUG org.hibernate.hql.internal.ast.HqlSqlWalker - Derived SELECT clause created.
22:35:41.471 [Test worker] DEBUG org.hibernate.hql.internal.ast.util.JoinProcessor - Tables referenced from query nodes:
 \-QueryNode
    +-SelectClause
    | referencedTables(entity UserData): [mantis_user_table]
    |  +-SelectExpressionImpl
    |  | persister: SingleTableEntityPersister(ru.stqa.learn.mantis.model.UserData)
    |  \-SqlFragment
    +-FromClause
    |  \-FromElement
    \-SqlNode
       \-BinaryLogicOperatorNode
          +-DotNode
          | persister: SingleTableEntityPersister(ru.stqa.learn.mantis.model.UserData)
          | path: {synthetic-alias}.username
          |  +-IdentNode
          |  | persister: SingleTableEntityPersister(ru.stqa.learn.mantis.model.UserData)
          |  | originalText: {synthetic-alias}
          |  \-IdentNode
          |    persister: null
          |    originalText: username
          \-LiteralNode

22:35:41.477 [Test worker] DEBUG org.hibernate.hql.internal.ast.util.JoinProcessor - Using FROM fragment [mantis_user_table userdata0_]
22:35:41.477 [Test worker] DEBUG org.hibernate.hql.internal.antlr.HqlSqlBaseWalker - select >> end [level=1, statement=select]
22:35:41.478 [Test worker] DEBUG org.hibernate.hql.internal.ast.QueryTranslatorImpl - --- SQL AST ---
 \-[SELECT] QueryNode: 'SELECT'  querySpaces (mantis_user_table)
    +-[SELECT_CLAUSE] SelectClause: '{derived select clause}'
    |  +-[SELECT_EXPR] SelectExpressionImpl: 'userdata0_.id as id1_0_' {FromElement{explicit,not a collection join,not a fetch join,fetch non-lazy properties,classAlias=null,role=null,tableName=mantis_user_table,tableAlias=userdata0_,origin=null,columns={,className=ru.stqa.learn.mantis.model.UserData}}}
    |  \-[SQL_TOKEN] SqlFragment: 'userdata0_.email as email2_0_, userdata0_.username as username3_0_'
    +-[FROM] FromClause: 'from' FromClause{level=1, fromElementCounter=1, fromElements=1, fromElementByClassAlias=[], fromElementByTableAlias=[userdata0_], fromElementsByPath=[], collectionJoinFromElementsByPath=[], impliedElements=[]}
    |  \-[FROM_FRAGMENT] FromElement: 'mantis_user_table userdata0_' FromElement{explicit,not a collection join,not a fetch join,fetch non-lazy properties,classAlias=null,role=null,tableName=mantis_user_table,tableAlias=userdata0_,origin=null,columns={,className=ru.stqa.learn.mantis.model.UserData}}
    \-[WHERE] SqlNode: 'where'
       \-[NE] BinaryLogicOperatorNode: '!='
          +-[DOT] DotNode: 'userdata0_.username' {propertyName=username,dereferenceType=PRIMITIVE,getPropertyPath=username,path={synthetic-alias}.username,tableAlias=userdata0_,className=ru.stqa.learn.mantis.model.UserData,classAlias=null}
          |  +-[IDENT] IdentNode: '{synthetic-alias}' {originalText={synthetic-alias}}
          |  \-[IDENT] IdentNode: 'username' {originalText=username}
          \-[QUOTED_STRING] LiteralNode: ''administrator''

22:35:41.479 [Test worker] DEBUG org.hibernate.hql.internal.ast.ErrorTracker - throwQueryException() : no errors
22:35:41.489 [Test worker] DEBUG org.hibernate.hql.internal.ast.QueryTranslatorImpl - HQL: from ru.stqa.learn.mantis.model.UserData where username != 'administrator'
22:35:41.489 [Test worker] DEBUG org.hibernate.hql.internal.ast.QueryTranslatorImpl - SQL: select userdata0_.id as id1_0_, userdata0_.email as email2_0_, userdata0_.username as username3_0_ from mantis_user_table userdata0_ where userdata0_.username<>'administrator'
22:35:41.489 [Test worker] DEBUG org.hibernate.hql.internal.ast.ErrorTracker - throwQueryException() : no errors
22:35:41.520 [Test worker] DEBUG org.hibernate.SQL - select userdata0_.id as id1_0_, userdata0_.email as email2_0_, userdata0_.username as username3_0_ from mantis_user_table userdata0_ where userdata0_.username<>'administrator'
Hibernate: select userdata0_.id as id1_0_, userdata0_.email as email2_0_, userdata0_.username as username3_0_ from mantis_user_table userdata0_ where userdata0_.username<>'administrator'
22:35:41.540 [Test worker] DEBUG org.hibernate.loader.Loader - Result set row: 0
22:35:41.545 [Test worker] DEBUG org.hibernate.loader.Loader - Result row: EntityKey[ru.stqa.learn.mantis.model.UserData#2]
22:35:41.554 [Test worker] DEBUG org.hibernate.loader.Loader - Result set row: 1
22:35:41.554 [Test worker] DEBUG org.hibernate.loader.Loader - Result row: EntityKey[ru.stqa.learn.mantis.model.UserData#3]
22:35:41.555 [Test worker] DEBUG org.hibernate.loader.Loader - Result set row: 2
22:35:41.555 [Test worker] DEBUG org.hibernate.loader.Loader - Result row: EntityKey[ru.stqa.learn.mantis.model.UserData#4]
22:35:41.555 [Test worker] DEBUG org.hibernate.loader.Loader - Result set row: 3
22:35:41.555 [Test worker] DEBUG org.hibernate.loader.Loader - Result row: EntityKey[ru.stqa.learn.mantis.model.UserData#5]
22:35:41.556 [Test worker] DEBUG org.hibernate.loader.Loader - Result set row: 4
22:35:41.556 [Test worker] DEBUG org.hibernate.loader.Loader - Result row: EntityKey[ru.stqa.learn.mantis.model.UserData#6]
22:35:41.556 [Test worker] DEBUG org.hibernate.loader.Loader - Result set row: 5
22:35:41.556 [Test worker] DEBUG org.hibernate.loader.Loader - Result row: EntityKey[ru.stqa.learn.mantis.model.UserData#7]
22:35:41.556 [Test worker] DEBUG org.hibernate.loader.Loader - Result set row: 6
22:35:41.557 [Test worker] DEBUG org.hibernate.loader.Loader - Result row: EntityKey[ru.stqa.learn.mantis.model.UserData#8]
22:35:41.557 [Test worker] DEBUG org.hibernate.loader.Loader - Result set row: 7
22:35:41.557 [Test worker] DEBUG org.hibernate.loader.Loader - Result row: EntityKey[ru.stqa.learn.mantis.model.UserData#9]
22:35:41.557 [Test worker] DEBUG org.hibernate.loader.Loader - Result set row: 8
22:35:41.557 [Test worker] DEBUG org.hibernate.loader.Loader - Result row: EntityKey[ru.stqa.learn.mantis.model.UserData#10]
22:35:41.558 [Test worker] DEBUG org.hibernate.loader.Loader - Result set row: 9
22:35:41.558 [Test worker] DEBUG org.hibernate.loader.Loader - Result row: EntityKey[ru.stqa.learn.mantis.model.UserData#11]
22:35:41.558 [Test worker] DEBUG org.hibernate.loader.Loader - Result set row: 10
22:35:41.558 [Test worker] DEBUG org.hibernate.loader.Loader - Result row: EntityKey[ru.stqa.learn.mantis.model.UserData#12]
22:35:41.559 [Test worker] DEBUG org.hibernate.loader.Loader - Result set row: 11
22:35:41.559 [Test worker] DEBUG org.hibernate.loader.Loader - Result row: EntityKey[ru.stqa.learn.mantis.model.UserData#13]
22:35:41.559 [Test worker] DEBUG org.hibernate.loader.Loader - Result set row: 12
22:35:41.559 [Test worker] DEBUG org.hibernate.loader.Loader - Result row: EntityKey[ru.stqa.learn.mantis.model.UserData#14]
22:35:41.560 [Test worker] DEBUG org.hibernate.loader.Loader - Result set row: 13
22:35:41.560 [Test worker] DEBUG org.hibernate.loader.Loader - Result row: EntityKey[ru.stqa.learn.mantis.model.UserData#15]
22:35:41.564 [Test worker] DEBUG org.hibernate.engine.internal.TwoPhaseLoad - Resolving attributes for [ru.stqa.learn.mantis.model.UserData#2]
22:35:41.566 [Test worker] DEBUG org.hibernate.engine.internal.TwoPhaseLoad - Processing attribute `email` : value = user1@localhost.localdomain
22:35:41.566 [Test worker] DEBUG org.hibernate.engine.internal.TwoPhaseLoad - Attribute (`email`)  - enhanced for lazy-loading? - false
22:35:41.566 [Test worker] DEBUG org.hibernate.engine.internal.TwoPhaseLoad - Processing attribute `username` : value = user1
22:35:41.566 [Test worker] DEBUG org.hibernate.engine.internal.TwoPhaseLoad - Attribute (`username`)  - enhanced for lazy-loading? - false
22:35:41.570 [Test worker] DEBUG org.hibernate.engine.internal.TwoPhaseLoad - Done materializing entity [ru.stqa.learn.mantis.model.UserData#2]
22:35:41.570 [Test worker] DEBUG org.hibernate.engine.internal.TwoPhaseLoad - Resolving attributes for [ru.stqa.learn.mantis.model.UserData#3]
22:35:41.570 [Test worker] DEBUG org.hibernate.engine.internal.TwoPhaseLoad - Processing attribute `email` : value = user2@localhost.localdomain
22:35:41.570 [Test worker] DEBUG org.hibernate.engine.internal.TwoPhaseLoad - Attribute (`email`)  - enhanced for lazy-loading? - false
22:35:41.570 [Test worker] DEBUG org.hibernate.engine.internal.TwoPhaseLoad - Processing attribute `username` : value = user2
22:35:41.570 [Test worker] DEBUG org.hibernate.engine.internal.TwoPhaseLoad - Attribute (`username`)  - enhanced for lazy-loading? - false
22:35:41.570 [Test worker] DEBUG org.hibernate.engine.internal.TwoPhaseLoad - Done materializing entity [ru.stqa.learn.mantis.model.UserData#3]
22:35:41.571 [Test worker] DEBUG org.hibernate.engine.internal.TwoPhaseLoad - Resolving attributes for [ru.stqa.learn.mantis.model.UserData#4]
22:35:41.571 [Test worker] DEBUG org.hibernate.engine.internal.TwoPhaseLoad - Processing attribute `email` : value = user3@localhost.localdomain
22:35:41.571 [Test worker] DEBUG org.hibernate.engine.internal.TwoPhaseLoad - Attribute (`email`)  - enhanced for lazy-loading? - false
22:35:41.571 [Test worker] DEBUG org.hibernate.engine.internal.TwoPhaseLoad - Processing attribute `username` : value = user3
22:35:41.571 [Test worker] DEBUG org.hibernate.engine.internal.TwoPhaseLoad - Attribute (`username`)  - enhanced for lazy-loading? - false
22:35:41.572 [Test worker] DEBUG org.hibernate.engine.internal.TwoPhaseLoad - Done materializing entity [ru.stqa.learn.mantis.model.UserData#4]
22:35:41.572 [Test worker] DEBUG org.hibernate.engine.internal.TwoPhaseLoad - Resolving attributes for [ru.stqa.learn.mantis.model.UserData#5]
22:35:41.572 [Test worker] DEBUG org.hibernate.engine.internal.TwoPhaseLoad - Processing attribute `email` : value = user4@localhost.localdomain
22:35:41.572 [Test worker] DEBUG org.hibernate.engine.internal.TwoPhaseLoad - Attribute (`email`)  - enhanced for lazy-loading? - false
22:35:41.572 [Test worker] DEBUG org.hibernate.engine.internal.TwoPhaseLoad - Processing attribute `username` : value = user4
22:35:41.572 [Test worker] DEBUG org.hibernate.engine.internal.TwoPhaseLoad - Attribute (`username`)  - enhanced for lazy-loading? - false
22:35:41.572 [Test worker] DEBUG org.hibernate.engine.internal.TwoPhaseLoad - Done materializing entity [ru.stqa.learn.mantis.model.UserData#5]
22:35:41.572 [Test worker] DEBUG org.hibernate.engine.internal.TwoPhaseLoad - Resolving attributes for [ru.stqa.learn.mantis.model.UserData#6]
22:35:41.572 [Test worker] DEBUG org.hibernate.engine.internal.TwoPhaseLoad - Processing attribute `email` : value = user5@localhost.localdomain
22:35:41.572 [Test worker] DEBUG org.hibernate.engine.internal.TwoPhaseLoad - Attribute (`email`)  - enhanced for lazy-loading? - false
22:35:41.572 [Test worker] DEBUG org.hibernate.engine.internal.TwoPhaseLoad - Processing attribute `username` : value = user5
22:35:41.572 [Test worker] DEBUG org.hibernate.engine.internal.TwoPhaseLoad - Attribute (`username`)  - enhanced for lazy-loading? - false
22:35:41.573 [Test worker] DEBUG org.hibernate.engine.internal.TwoPhaseLoad - Done materializing entity [ru.stqa.learn.mantis.model.UserData#6]
22:35:41.573 [Test worker] DEBUG org.hibernate.engine.internal.TwoPhaseLoad - Resolving attributes for [ru.stqa.learn.mantis.model.UserData#7]
22:35:41.573 [Test worker] DEBUG org.hibernate.engine.internal.TwoPhaseLoad - Processing attribute `email` : value = user6@localhost.localdomain
22:35:41.573 [Test worker] DEBUG org.hibernate.engine.internal.TwoPhaseLoad - Attribute (`email`)  - enhanced for lazy-loading? - false
22:35:41.573 [Test worker] DEBUG org.hibernate.engine.internal.TwoPhaseLoad - Processing attribute `username` : value = user6
22:35:41.573 [Test worker] DEBUG org.hibernate.engine.internal.TwoPhaseLoad - Attribute (`username`)  - enhanced for lazy-loading? - false
22:35:41.573 [Test worker] DEBUG org.hibernate.engine.internal.TwoPhaseLoad - Done materializing entity [ru.stqa.learn.mantis.model.UserData#7]
22:35:41.573 [Test worker] DEBUG org.hibernate.engine.internal.TwoPhaseLoad - Resolving attributes for [ru.stqa.learn.mantis.model.UserData#8]
22:35:41.574 [Test worker] DEBUG org.hibernate.engine.internal.TwoPhaseLoad - Processing attribute `email` : value = user1604912259934@localhost.localdomain
22:35:41.574 [Test worker] DEBUG org.hibernate.engine.internal.TwoPhaseLoad - Attribute (`email`)  - enhanced for lazy-loading? - false
22:35:41.574 [Test worker] DEBUG org.hibernate.engine.internal.TwoPhaseLoad - Processing attribute `username` : value = user1604912259934
22:35:41.574 [Test worker] DEBUG org.hibernate.engine.internal.TwoPhaseLoad - Attribute (`username`)  - enhanced for lazy-loading? - false
22:35:41.574 [Test worker] DEBUG org.hibernate.engine.internal.TwoPhaseLoad - Done materializing entity [ru.stqa.learn.mantis.model.UserData#8]
22:35:41.574 [Test worker] DEBUG org.hibernate.engine.internal.TwoPhaseLoad - Resolving attributes for [ru.stqa.learn.mantis.model.UserData#9]
22:35:41.574 [Test worker] DEBUG org.hibernate.engine.internal.TwoPhaseLoad - Processing attribute `email` : value = user1604942525089@localhost.localdomain
22:35:41.574 [Test worker] DEBUG org.hibernate.engine.internal.TwoPhaseLoad - Attribute (`email`)  - enhanced for lazy-loading? - false
22:35:41.574 [Test worker] DEBUG org.hibernate.engine.internal.TwoPhaseLoad - Processing attribute `username` : value = user1604942525089
22:35:41.574 [Test worker] DEBUG org.hibernate.engine.internal.TwoPhaseLoad - Attribute (`username`)  - enhanced for lazy-loading? - false
22:35:41.574 [Test worker] DEBUG org.hibernate.engine.internal.TwoPhaseLoad - Done materializing entity [ru.stqa.learn.mantis.model.UserData#9]
22:35:41.574 [Test worker] DEBUG org.hibernate.engine.internal.TwoPhaseLoad - Resolving attributes for [ru.stqa.learn.mantis.model.UserData#10]
22:35:41.574 [Test worker] DEBUG org.hibernate.engine.internal.TwoPhaseLoad - Processing attribute `email` : value = user1604942895096@localhost.localdomain
22:35:41.574 [Test worker] DEBUG org.hibernate.engine.internal.TwoPhaseLoad - Attribute (`email`)  - enhanced for lazy-loading? - false
22:35:41.574 [Test worker] DEBUG org.hibernate.engine.internal.TwoPhaseLoad - Processing attribute `username` : value = user1604942895096
22:35:41.575 [Test worker] DEBUG org.hibernate.engine.internal.TwoPhaseLoad - Attribute (`username`)  - enhanced for lazy-loading? - false
22:35:41.575 [Test worker] DEBUG org.hibernate.engine.internal.TwoPhaseLoad - Done materializing entity [ru.stqa.learn.mantis.model.UserData#10]
22:35:41.575 [Test worker] DEBUG org.hibernate.engine.internal.TwoPhaseLoad - Resolving attributes for [ru.stqa.learn.mantis.model.UserData#11]
22:35:41.575 [Test worker] DEBUG org.hibernate.engine.internal.TwoPhaseLoad - Processing attribute `email` : value = user1604943406360@localhost.localdomain
22:35:41.575 [Test worker] DEBUG org.hibernate.engine.internal.TwoPhaseLoad - Attribute (`email`)  - enhanced for lazy-loading? - false
22:35:41.575 [Test worker] DEBUG org.hibernate.engine.internal.TwoPhaseLoad - Processing attribute `username` : value = user1604943406360
22:35:41.575 [Test worker] DEBUG org.hibernate.engine.internal.TwoPhaseLoad - Attribute (`username`)  - enhanced for lazy-loading? - false
22:35:41.575 [Test worker] DEBUG org.hibernate.engine.internal.TwoPhaseLoad - Done materializing entity [ru.stqa.learn.mantis.model.UserData#11]
22:35:41.575 [Test worker] DEBUG org.hibernate.engine.internal.TwoPhaseLoad - Resolving attributes for [ru.stqa.learn.mantis.model.UserData#12]
22:35:41.575 [Test worker] DEBUG org.hibernate.engine.internal.TwoPhaseLoad - Processing attribute `email` : value = user1604944045944@localhost.localdomain
22:35:41.575 [Test worker] DEBUG org.hibernate.engine.internal.TwoPhaseLoad - Attribute (`email`)  - enhanced for lazy-loading? - false
22:35:41.575 [Test worker] DEBUG org.hibernate.engine.internal.TwoPhaseLoad - Processing attribute `username` : value = user1604944045944
22:35:41.575 [Test worker] DEBUG org.hibernate.engine.internal.TwoPhaseLoad - Attribute (`username`)  - enhanced for lazy-loading? - false
22:35:41.575 [Test worker] DEBUG org.hibernate.engine.internal.TwoPhaseLoad - Done materializing entity [ru.stqa.learn.mantis.model.UserData#12]
22:35:41.575 [Test worker] DEBUG org.hibernate.engine.internal.TwoPhaseLoad - Resolving attributes for [ru.stqa.learn.mantis.model.UserData#13]
[...]
22:35:52.632 [Forwarding clearElement on session 0bb8a9c00b29cbbbba0aef969ef8f06c to remote] DEBUG org.asynchttpclient.netty.request.NettyRequestSender - Using pooled Channel '[id: 0xb17fdbf3, L:/127.0.0.1:64323 - R:localhost/127.0.0.1:40412]' for 'POST' to 'http://localhost:40412/session/0bb8a9c00b29cbbbba0aef969ef8f06c/element/d14a87fa-72ed-42f8-851e-6515065d706b/clear'
22:35:52.632 [Forwarding clearElement on session 0bb8a9c00b29cbbbba0aef969ef8f06c to remote] DEBUG org.asynchttpclient.netty.request.NettyRequestSender - Using open Channel [id: 0xb17fdbf3, L:/127.0.0.1:64323 - R:localhost/127.0.0.1:40412] for POST '/session/0bb8a9c00b29cbbbba0aef969ef8f06c/element/d14a87fa-72ed-42f8-851e-6515065d706b/clear'
22:35:52.689 [AsyncHttpClient-3-1] DEBUG org.asynchttpclient.netty.handler.HttpHandler - 

Request DefaultHttpRequest(decodeResult: success, version: HTTP/1.1)
POST /session/0bb8a9c00b29cbbbba0aef969ef8f06c/element/d14a87fa-72ed-42f8-851e-6515065d706b/clear HTTP/1.1
User-Agent: selenium/4.0.0-alpha-6 (java windows)
Content-Length: 50
Content-Type: application/json; charset=utf-8
host: localhost:40412
accept: */*

Response DefaultHttpResponse(decodeResult: success, version: HTTP/1.1)
HTTP/1.1 200 OK
Content-Length: 14
Content-Type: application/json; charset=utf-8
cache-control: no-cache

22:35:52.689 [AsyncHttpClient-3-1] DEBUG org.asynchttpclient.netty.channel.ChannelManager - Adding key: http://localhost:40412 for channel [id: 0xb17fdbf3, L:/127.0.0.1:64323 - R:localhost/127.0.0.1:40412]
22:35:52.689 [Forwarding findElement on session 0bb8a9c00b29cbbbba0aef969ef8f06c to remote] DEBUG org.asynchttpclient.netty.request.NettyRequestSender - Using pooled Channel '[id: 0xb17fdbf3, L:/127.0.0.1:64323 - R:localhost/127.0.0.1:40412]' for 'POST' to 'http://localhost:40412/session/0bb8a9c00b29cbbbba0aef969ef8f06c/element'
22:35:52.689 [Forwarding findElement on session 0bb8a9c00b29cbbbba0aef969ef8f06c to remote] DEBUG org.asynchttpclient.netty.request.NettyRequestSender - Using open Channel [id: 0xb17fdbf3, L:/127.0.0.1:64323 - R:localhost/127.0.0.1:40412] for POST '/session/0bb8a9c00b29cbbbba0aef969ef8f06c/element'
22:35:52.707 [AsyncHttpClient-3-1] DEBUG org.asynchttpclient.netty.handler.HttpHandler - 

Request DefaultHttpRequest(decodeResult: success, version: HTTP/1.1)
POST /session/0bb8a9c00b29cbbbba0aef969ef8f06c/element HTTP/1.1
User-Agent: selenium/4.0.0-alpha-6 (java windows)
Content-Length: 62
Content-Type: application/json; charset=utf-8
host: localhost:40412
accept: */*

Response DefaultHttpResponse(decodeResult: success, version: HTTP/1.1)
HTTP/1.1 200 OK
Content-Length: 88
Content-Type: application/json; charset=utf-8
cache-control: no-cache

22:35:52.707 [AsyncHttpClient-3-1] DEBUG org.asynchttpclient.netty.channel.ChannelManager - Adding key: http://localhost:40412 for channel [id: 0xb17fdbf3, L:/127.0.0.1:64323 - R:localhost/127.0.0.1:40412]
22:35:52.707 [Forwarding sendKeysToElement on session 0bb8a9c00b29cbbbba0aef969ef8f06c to remote] DEBUG org.asynchttpclient.netty.request.NettyRequestSender - Using pooled Channel '[id: 0xb17fdbf3, L:/127.0.0.1:64323 - R:localhost/127.0.0.1:40412]' for 'POST' to 'http://localhost:40412/session/0bb8a9c00b29cbbbba0aef969ef8f06c/element/d14a87fa-72ed-42f8-851e-6515065d706b/value'
22:35:52.707 [Forwarding sendKeysToElement on session 0bb8a9c00b29cbbbba0aef969ef8f06c to remote] DEBUG org.asynchttpclient.netty.request.NettyRequestSender - Using open Channel [id: 0xb17fdbf3, L:/127.0.0.1:64323 - R:localhost/127.0.0.1:40412] for POST '/session/0bb8a9c00b29cbbbba0aef969ef8f06c/element/d14a87fa-72ed-42f8-851e-6515065d706b/value'
22:35:52.822 [AsyncHttpClient-3-1] DEBUG org.asynchttpclient.netty.handler.HttpHandler - 

Request DefaultHttpRequest(decodeResult: success, version: HTTP/1.1)
POST /session/0bb8a9c00b29cbbbba0aef969ef8f06c/element/d14a87fa-72ed-42f8-851e-6515065d706b/value HTTP/1.1
User-Agent: selenium/4.0.0-alpha-6 (java windows)
Content-Length: 201
Content-Type: application/json; charset=utf-8
host: localhost:40412
accept: */*

Response DefaultHttpResponse(decodeResult: success, version: HTTP/1.1)
HTTP/1.1 200 OK
Content-Length: 14
Content-Type: application/json; charset=utf-8
cache-control: no-cache

22:35:52.823 [AsyncHttpClient-3-1] DEBUG org.asynchttpclient.netty.channel.ChannelManager - Adding key: http://localhost:40412 for channel [id: 0xb17fdbf3, L:/127.0.0.1:64323 - R:localhost/127.0.0.1:40412]
22:35:52.825 [Forwarding findElement on session 0bb8a9c00b29cbbbba0aef969ef8f06c to remote] DEBUG org.asynchttpclient.netty.request.NettyRequestSender - Using pooled Channel '[id: 0xb17fdbf3, L:/127.0.0.1:64323 - R:localhost/127.0.0.1:40412]' for 'POST' to 'http://localhost:40412/session/0bb8a9c00b29cbbbba0aef969ef8f06c/element'
22:35:52.825 [Forwarding findElement on session 0bb8a9c00b29cbbbba0aef969ef8f06c to remote] DEBUG org.asynchttpclient.netty.request.NettyRequestSender - Using open Channel [id: 0xb17fdbf3, L:/127.0.0.1:64323 - R:localhost/127.0.0.1:40412] for POST '/session/0bb8a9c00b29cbbbba0aef969ef8f06c/element'
22:35:52.863 [AsyncHttpClient-3-1] DEBUG org.asynchttpclient.netty.handler.HttpHandler - 

Request DefaultHttpRequest(decodeResult: success, version: HTTP/1.1)
POST /session/0bb8a9c00b29cbbbba0aef969ef8f06c/element HTTP/1.1
User-Agent: selenium/4.0.0-alpha-6 (java windows)
Content-Length: 70
Content-Type: application/json; charset=utf-8
host: localhost:40412
accept: */*

Response DefaultHttpResponse(decodeResult: success, version: HTTP/1.1)
HTTP/1.1 200 OK
Content-Length: 88
Content-Type: application/json; charset=utf-8
cache-control: no-cache

22:35:52.863 [AsyncHttpClient-3-1] DEBUG org.asynchttpclient.netty.channel.ChannelManager - Adding key: http://localhost:40412 for channel [id: 0xb17fdbf3, L:/127.0.0.1:64323 - R:localhost/127.0.0.1:40412]
22:35:52.863 [Forwarding clickElement on session 0bb8a9c00b29cbbbba0aef969ef8f06c to remote] DEBUG org.asynchttpclient.netty.request.NettyRequestSender - Using pooled Channel '[id: 0xb17fdbf3, L:/127.0.0.1:64323 - R:localhost/127.0.0.1:40412]' for 'POST' to 'http://localhost:40412/session/0bb8a9c00b29cbbbba0aef969ef8f06c/element/f7573569-80c0-46e1-818c-416e1f475154/click'
22:35:52.863 [Forwarding clickElement on session 0bb8a9c00b29cbbbba0aef969ef8f06c to remote] DEBUG org.asynchttpclient.netty.request.NettyRequestSender - Using open Channel [id: 0xb17fdbf3, L:/127.0.0.1:64323 - R:localhost/127.0.0.1:40412] for POST '/session/0bb8a9c00b29cbbbba0aef969ef8f06c/element/f7573569-80c0-46e1-818c-416e1f475154/click'
22:35:52.940 [AsyncHttpClient-3-1] DEBUG org.asynchttpclient.netty.handler.HttpHandler - 

Request DefaultHttpRequest(decodeResult: success, version: HTTP/1.1)
POST /session/0bb8a9c00b29cbbbba0aef969ef8f06c/element/f7573569-80c0-46e1-818c-416e1f475154/click HTTP/1.1
User-Agent: selenium/4.0.0-alpha-6 (java windows)
Content-Length: 50
Content-Type: application/json; charset=utf-8
host: localhost:40412
accept: */*

Response DefaultHttpResponse(decodeResult: success, version: HTTP/1.1)
HTTP/1.1 200 OK
Content-Length: 14
Content-Type: application/json; charset=utf-8
cache-control: no-cache

22:35:52.941 [AsyncHttpClient-3-1] DEBUG org.asynchttpclient.netty.channel.ChannelManager - Adding key: http://localhost:40412 for channel [id: 0xb17fdbf3, L:/127.0.0.1:64323 - R:localhost/127.0.0.1:40412]
22:35:52.942 [Forwarding findElement on session 0bb8a9c00b29cbbbba0aef969ef8f06c to remote] DEBUG org.asynchttpclient.netty.request.NettyRequestSender - Using pooled Channel '[id: 0xb17fdbf3, L:/127.0.0.1:64323 - R:localhost/127.0.0.1:40412]' for 'POST' to 'http://localhost:40412/session/0bb8a9c00b29cbbbba0aef969ef8f06c/element'
22:35:52.942 [Forwarding findElement on session 0bb8a9c00b29cbbbba0aef969ef8f06c to remote] DEBUG org.asynchttpclient.netty.request.NettyRequestSender - Using open Channel [id: 0xb17fdbf3, L:/127.0.0.1:64323 - R:localhost/127.0.0.1:40412] for POST '/session/0bb8a9c00b29cbbbba0aef969ef8f06c/element'
22:35:52.961 [AsyncHttpClient-3-1] DEBUG org.asynchttpclient.netty.handler.HttpHandler - 

Request DefaultHttpRequest(decodeResult: success, version: HTTP/1.1)
POST /session/0bb8a9c00b29cbbbba0aef969ef8f06c/element HTTP/1.1
User-Agent: selenium/4.0.0-alpha-6 (java windows)
Content-Length: 70
Content-Type: application/json; charset=utf-8
host: localhost:40412
accept: */*

Response DefaultHttpResponse(decodeResult: success, version: HTTP/1.1)
HTTP/1.1 200 OK
Content-Length: 88
Content-Type: application/json; charset=utf-8
cache-control: no-cache

22:35:52.961 [AsyncHttpClient-3-1] DEBUG org.asynchttpclient.netty.channel.ChannelManager - Adding key: http://localhost:40412 for channel [id: 0xb17fdbf3, L:/127.0.0.1:64323 - R:localhost/127.0.0.1:40412]
22:35:52.966 [Forwarding getElementAttribute on session 0bb8a9c00b29cbbbba0aef969ef8f06c to remote] DEBUG org.asynchttpclient.netty.request.NettyRequestSender - Using pooled Channel '[id: 0xb17fdbf3, L:/127.0.0.1:64323 - R:localhost/127.0.0.1:40412]' for 'POST' to 'http://localhost:40412/session/0bb8a9c00b29cbbbba0aef969ef8f06c/execute/sync'
22:35:52.966 [Forwarding getElementAttribute on session 0bb8a9c00b29cbbbba0aef969ef8f06c to remote] DEBUG org.asynchttpclient.netty.request.NettyRequestSender - Using open Channel [id: 0xb17fdbf3, L:/127.0.0.1:64323 - R:localhost/127.0.0.1:40412] for POST '/session/0bb8a9c00b29cbbbba0aef969ef8f06c/execute/sync'
22:35:53.015 [AsyncHttpClient-3-1] DEBUG org.asynchttpclient.netty.handler.HttpHandler - 

Request DefaultHttpRequest(decodeResult: success, version: HTTP/1.1)
POST /session/0bb8a9c00b29cbbbba0aef969ef8f06c/execute/sync HTTP/1.1
User-Agent: selenium/4.0.0-alpha-6 (java windows)
Content-Length: 39635
Content-Type: application/json; charset=utf-8
host: localhost:40412
accept: */*

Response DefaultHttpResponse(decodeResult: success, version: HTTP/1.1)
HTTP/1.1 200 OK
Content-Length: 12
Content-Type: application/json; charset=utf-8
cache-control: no-cache

22:35:53.015 [AsyncHttpClient-3-1] DEBUG org.asynchttpclient.netty.channel.ChannelManager - Adding key: http://localhost:40412 for channel [id: 0xb17fdbf3, L:/127.0.0.1:64323 - R:localhost/127.0.0.1:40412]
22:35:53.017 [Forwarding findElement on session 0bb8a9c00b29cbbbba0aef969ef8f06c to remote] DEBUG org.asynchttpclient.netty.request.NettyRequestSender - Using pooled Channel '[id: 0xb17fdbf3, L:/127.0.0.1:64323 - R:localhost/127.0.0.1:40412]' for 'POST' to 'http://localhost:40412/session/0bb8a9c00b29cbbbba0aef969ef8f06c/element'
22:35:53.017 [Forwarding findElement on session 0bb8a9c00b29cbbbba0aef969ef8f06c to remote] DEBUG org.asynchttpclient.netty.request.NettyRequestSender - Using open Channel [id: 0xb17fdbf3, L:/127.0.0.1:64323 - R:localhost/127.0.0.1:40412] for POST '/session/0bb8a9c00b29cbbbba0aef969ef8f06c/element'
22:35:53.037 [AsyncHttpClient-3-1] DEBUG org.asynchttpclient.netty.handler.HttpHandler - 

Request DefaultHttpRequest(decodeResult: success, version: HTTP/1.1)
POST /session/0bb8a9c00b29cbbbba0aef969ef8f06c/element HTTP/1.1
User-Agent: selenium/4.0.0-alpha-6 (java windows)
Content-Length: 70
Content-Type: application/json; charset=utf-8
host: localhost:40412
accept: */*

Response DefaultHttpResponse(decodeResult: success, version: HTTP/1.1)
HTTP/1.1 200 OK
Content-Length: 88
Content-Type: application/json; charset=utf-8
cache-control: no-cache

22:35:53.037 [AsyncHttpClient-3-1] DEBUG org.asynchttpclient.netty.channel.ChannelManager - Adding key: http://localhost:40412 for channel [id: 0xb17fdbf3, L:/127.0.0.1:64323 - R:localhost/127.0.0.1:40412]
22:35:53.039 [Forwarding clearElement on session 0bb8a9c00b29cbbbba0aef969ef8f06c to remote] DEBUG org.asynchttpclient.netty.request.NettyRequestSender - Using pooled Channel '[id: 0xb17fdbf3, L:/127.0.0.1:64323 - R:localhost/127.0.0.1:40412]' for 'POST' to 'http://localhost:40412/session/0bb8a9c00b29cbbbba0aef969ef8f06c/element/f7573569-80c0-46e1-818c-416e1f475154/clear'
22:35:53.039 [Forwarding clearElement on session 0bb8a9c00b29cbbbba0aef969ef8f06c to remote] DEBUG org.asynchttpclient.netty.request.NettyRequestSender - Using open Channel [id: 0xb17fdbf3, L:/127.0.0.1:64323 - R:localhost/127.0.0.1:40412] for POST '/session/0bb8a9c00b29cbbbba0aef969ef8f06c/element/f7573569-80c0-46e1-818c-416e1f475154/clear'
22:35:53.087 [AsyncHttpClient-3-1] DEBUG org.asynchttpclient.netty.handler.HttpHandler - 

Request DefaultHttpRequest(decodeResult: success, version: HTTP/1.1)
POST /session/0bb8a9c00b29cbbbba0aef969ef8f06c/element/f7573569-80c0-46e1-818c-416e1f475154/clear HTTP/1.1
User-Agent: selenium/4.0.0-alpha-6 (java windows)
Content-Length: 50
Content-Type: application/json; charset=utf-8
host: localhost:40412
accept: */*

Response DefaultHttpResponse(decodeResult: success, version: HTTP/1.1)
HTTP/1.1 200 OK
Content-Length: 14
Content-Type: application/json; charset=utf-8
cache-control: no-cache

22:35:53.087 [AsyncHttpClient-3-1] DEBUG org.asynchttpclient.netty.channel.ChannelManager - Adding key: http://localhost:40412 for channel [id: 0xb17fdbf3, L:/127.0.0.1:64323 - R:localhost/127.0.0.1:40412]
22:35:53.087 [Forwarding findElement on session 0bb8a9c00b29cbbbba0aef969ef8f06c to remote] DEBUG org.asynchttpclient.netty.request.NettyRequestSender - Using pooled Channel '[id: 0xb17fdbf3, L:/127.0.0.1:64323 - R:localhost/127.0.0.1:40412]' for 'POST' to 'http://localhost:40412/session/0bb8a9c00b29cbbbba0aef969ef8f06c/element'
22:35:53.087 [Forwarding findElement on session 0bb8a9c00b29cbbbba0aef969ef8f06c to remote] DEBUG org.asynchttpclient.netty.request.NettyRequestSender - Using open Channel [id: 0xb17fdbf3, L:/127.0.0.1:64323 - R:localhost/127.0.0.1:40412] for POST '/session/0bb8a9c00b29cbbbba0aef969ef8f06c/element'
22:35:53.113 [AsyncHttpClient-3-1] DEBUG org.asynchttpclient.netty.handler.HttpHandler - 

Request DefaultHttpRequest(decodeResult: success, version: HTTP/1.1)
POST /session/0bb8a9c00b29cbbbba0aef969ef8f06c/element HTTP/1.1
User-Agent: selenium/4.0.0-alpha-6 (java windows)
Content-Length: 70
Content-Type: application/json; charset=utf-8
host: localhost:40412
accept: */*

Response DefaultHttpResponse(decodeResult: success, version: HTTP/1.1)
HTTP/1.1 200 OK
Content-Length: 88
Content-Type: application/json; charset=utf-8
cache-control: no-cache

22:35:53.113 [AsyncHttpClient-3-1] DEBUG org.asynchttpclient.netty.channel.ChannelManager - Adding key: http://localhost:40412 for channel [id: 0xb17fdbf3, L:/127.0.0.1:64323 - R:localhost/127.0.0.1:40412]
22:35:53.113 [Forwarding sendKeysToElement on session 0bb8a9c00b29cbbbba0aef969ef8f06c to remote] DEBUG org.asynchttpclient.netty.request.NettyRequestSender - Using pooled Channel '[id: 0xb17fdbf3, L:/127.0.0.1:64323 - R:localhost/127.0.0.1:40412]' for 'POST' to 'http://localhost:40412/session/0bb8a9c00b29cbbbba0aef969ef8f06c/element/f7573569-80c0-46e1-818c-416e1f475154/value'
22:35:53.113 [Forwarding sendKeysToElement on session 0bb8a9c00b29cbbbba0aef969ef8f06c to remote] DEBUG org.asynchttpclient.netty.request.NettyRequestSender - Using open Channel [id: 0xb17fdbf3, L:/127.0.0.1:64323 - R:localhost/127.0.0.1:40412] for POST '/session/0bb8a9c00b29cbbbba0aef969ef8f06c/element/f7573569-80c0-46e1-818c-416e1f475154/value'
22:35:53.217 [AsyncHttpClient-3-1] DEBUG org.asynchttpclient.netty.handler.HttpHandler - 

Request DefaultHttpRequest(decodeResult: success, version: HTTP/1.1)
POST /session/0bb8a9c00b29cbbbba0aef969ef8f06c/element/f7573569-80c0-46e1-818c-416e1f475154/value HTTP/1.1
User-Agent: selenium/4.0.0-alpha-6 (java windows)
Content-Length: 201
Content-Type: application/json; charset=utf-8
host: localhost:40412
accept: */*

Response DefaultHttpResponse(decodeResult: success, version: HTTP/1.1)
HTTP/1.1 200 OK
Content-Length: 14
Content-Type: application/json; charset=utf-8
cache-control: no-cache

22:35:53.217 [AsyncHttpClient-3-1] DEBUG org.asynchttpclient.netty.channel.ChannelManager - Adding key: http://localhost:40412 for channel [id: 0xb17fdbf3, L:/127.0.0.1:64323 - R:localhost/127.0.0.1:40412]
22:35:53.220 [Forwarding findElement on session 0bb8a9c00b29cbbbba0aef969ef8f06c to remote] DEBUG org.asynchttpclient.netty.request.NettyRequestSender - Using pooled Channel '[id: 0xb17fdbf3, L:/127.0.0.1:64323 - R:localhost/127.0.0.1:40412]' for 'POST' to 'http://localhost:40412/session/0bb8a9c00b29cbbbba0aef969ef8f06c/element'
22:35:53.220 [Forwarding findElement on session 0bb8a9c00b29cbbbba0aef969ef8f06c to remote] DEBUG org.asynchttpclient.netty.request.NettyRequestSender - Using open Channel [id: 0xb17fdbf3, L:/127.0.0.1:64323 - R:localhost/127.0.0.1:40412] for POST '/session/0bb8a9c00b29cbbbba0aef969ef8f06c/element'
22:35:53.253 [AsyncHttpClient-3-1] DEBUG org.asynchttpclient.netty.handler.HttpHandler - 

Request DefaultHttpRequest(decodeResult: success, version: HTTP/1.1)
POST /session/0bb8a9c00b29cbbbba0aef969ef8f06c/element HTTP/1.1
User-Agent: selenium/4.0.0-alpha-6 (java windows)
Content-Length: 65
Content-Type: application/json; charset=utf-8
host: localhost:40412
accept: */*

Response DefaultHttpResponse(decodeResult: success, version: HTTP/1.1)
HTTP/1.1 200 OK
Content-Length: 88
Content-Type: application/json; charset=utf-8
cache-control: no-cache

22:35:53.253 [AsyncHttpClient-3-1] DEBUG org.asynchttpclient.netty.channel.ChannelManager - Adding key: http://localhost:40412 for channel [id: 0xb17fdbf3, L:/127.0.0.1:64323 - R:localhost/127.0.0.1:40412]
22:35:53.253 [Forwarding clickElement on session 0bb8a9c00b29cbbbba0aef969ef8f06c to remote] DEBUG org.asynchttpclient.netty.request.NettyRequestSender - Using pooled Channel '[id: 0xb17fdbf3, L:/127.0.0.1:64323 - R:localhost/127.0.0.1:40412]' for 'POST' to 'http://localhost:40412/session/0bb8a9c00b29cbbbba0aef969ef8f06c/element/82c2eb92-cae2-4729-8b46-e97fdf031124/click'
22:35:53.253 [Forwarding clickElement on session 0bb8a9c00b29cbbbba0aef969ef8f06c to remote] DEBUG org.asynchttpclient.netty.request.NettyRequestSender - Using open Channel [id: 0xb17fdbf3, L:/127.0.0.1:64323 - R:localhost/127.0.0.1:40412] for POST '/session/0bb8a9c00b29cbbbba0aef969ef8f06c/element/82c2eb92-cae2-4729-8b46-e97fdf031124/click'
22:35:53.453 [AsyncHttpClient-timer-1-1] DEBUG org.asynchttpclient.netty.channel.DefaultChannelPool - Entry count for : http://localhost:64324 : 1
22:35:53.584 [AsyncHttpClient-3-1] DEBUG org.asynchttpclient.netty.handler.HttpHandler - 

Request DefaultHttpRequest(decodeResult: success, version: HTTP/1.1)
POST /session/0bb8a9c00b29cbbbba0aef969ef8f06c/element/82c2eb92-cae2-4729-8b46-e97fdf031124/click HTTP/1.1
User-Agent: selenium/4.0.0-alpha-6 (java windows)
Content-Length: 50
Content-Type: application/json; charset=utf-8
host: localhost:40412
accept: */*

Response DefaultHttpResponse(decodeResult: success, version: HTTP/1.1)
HTTP/1.1 200 OK
Content-Length: 14
Content-Type: application/json; charset=utf-8
cache-control: no-cache

22:35:53.585 [AsyncHttpClient-3-1] DEBUG org.asynchttpclient.netty.channel.ChannelManager - Adding key: http://localhost:40412 for channel [id: 0xb17fdbf3, L:/127.0.0.1:64323 - R:localhost/127.0.0.1:40412]
22:35:54.522 [Test worker] INFO org.subethamail.smtp.server.SMTPServer - SMTP server *:25 stopping
22:35:54.522 [Test worker] DEBUG org.subethamail.smtp.server.ServerThread - SMTP Server socket shut down
22:35:54.522 [org.subethamail.smtp.server.ServerThread *:25] INFO org.subethamail.smtp.server.ServerThread - SMTP server *:25 stopped
]]></system-out>
  <system-err><![CDATA[Starting ChromeDriver 85.0.4183.87 (cd6713ebf92fa1cacc0f1a598df280093af0c5d7-refs/branch-heads/4183@{#1689}) on port 40412
Only local connections are allowed.
Please see https://chromedriver.chromium.org/security-considerations for suggestions on keeping ChromeDriver safe.
ChromeDriver was started successfully.
[1604950545.349][WARNING]: This version of ChromeDriver has not been tested with Chrome version 86.
ноя 09, 2020 10:35:46 PM org.openqa.selenium.remote.ProtocolHandshake createSession
INFO: Detected dialect: W3C
]]></system-err>
</testsuite>
